update-alternatives 2017-06-02 01:07:07: run with --quiet --install /usr/bin/awk awk /usr/bin/mawk 5 --slave /usr/share/man/man1/awk.1.gz awk.1.gz /usr/share/man/man1/mawk.1.gz --slave /usr/bin/nawk nawk /usr/bin/mawk --slave /usr/share/man/man1/nawk.1.gz nawk.1.gz /usr/share/man/man1/mawk.1.gz
update-alternatives 2017-06-02 01:07:07: link group awk updated to point to /usr/bin/mawk
update-alternatives 2017-06-02 01:07:14: run with --install /bin/mt mt /bin/mt-gnu 10 --slave /usr/share/man/man1/mt.1.gz mt.1.gz /usr/share/man/man1/mt-gnu.1.gz
update-alternatives 2017-06-02 01:07:14: link group mt updated to point to /bin/mt-gnu
update-alternatives 2017-06-02 01:07:14: run with --quiet --install /usr/bin/awk awk /usr/bin/mawk 5 --slave /usr/share/man/man1/awk.1.gz awk.1.gz /usr/share/man/man1/mawk.1.gz --slave /usr/bin/nawk nawk /usr/bin/mawk --slave /usr/share/man/man1/nawk.1.gz nawk.1.gz /usr/share/man/man1/mawk.1.gz
update-alternatives 2017-06-02 01:07:20: run with --install /usr/sbin/rmt rmt /usr/sbin/rmt-tar 50 --slave /usr/share/man/man8/rmt.8.gz rmt.8.gz /usr/share/man/man8/rmt-tar.8.gz
update-alternatives 2017-06-02 01:07:20: link group rmt updated to point to /usr/sbin/rmt-tar
update-alternatives 2017-06-02 01:07:20: run with --install /usr/share/man/man7/builtins.7.gz builtins.7.gz /usr/share/man/man7/bash-builtins.7.gz 10
update-alternatives 2017-06-02 01:07:20: link group builtins.7.gz updated to point to /usr/share/man/man7/bash-builtins.7.gz
update-alternatives 2017-06-02 01:07:21: run with --install /usr/bin/pager pager /bin/more 50 --slave /usr/share/man/man1/pager.1.gz pager.1.gz /usr/share/man/man1/more.1.gz
update-alternatives 2017-06-02 01:07:21: link group pager updated to point to /bin/more
update-alternatives 2017-06-02 01:07:21: run with --install /usr/bin/pager pager /usr/bin/pg 10 --slave /usr/share/man/man1/pager.1.gz pager.1.gz /usr/share/man/man1/pg.1.gz
update-alternatives 2017-06-02 01:07:21: run with --install /usr/bin/w w /usr/bin/w.procps 50 --slave /usr/share/man/man1/w.1.gz w.1.gz /usr/share/man/man1/w.procps.1.gz
update-alternatives 2017-06-02 01:07:21: link group w updated to point to /usr/bin/w.procps
update-alternatives 2017-06-02 01:07:35: run with --remove builtins.7.gz /usr/share/man/man7/bash-builtins.7.gz
update-alternatives 2017-06-02 01:07:35: link group builtins.7.gz fully removed
update-alternatives 2017-06-02 01:07:35: run with --install /usr/share/man/man7/builtins.7.gz builtins.7.gz /usr/share/man/man7/bash-builtins.7.gz 10
update-alternatives 2017-06-02 01:07:35: link group builtins.7.gz updated to point to /usr/share/man/man7/bash-builtins.7.gz
update-alternatives 2017-06-02 01:07:39: run with --install /usr/bin/pager pager /bin/more 50 --slave /usr/share/man/man1/pager.1.gz pager.1.gz /usr/share/man/man1/more.1.gz
update-alternatives 2017-06-02 01:07:39: run with --install /usr/bin/pager pager /usr/bin/pg 10 --slave /usr/share/man/man1/pager.1.gz pager.1.gz /usr/share/man/man1/pg.1.gz
update-alternatives 2017-06-02 01:07:41: run with --install /usr/sbin/rmt rmt /usr/sbin/rmt-tar 50 --slave /usr/share/man/man8/rmt.8.gz rmt.8.gz /usr/share/man/man8/rmt-tar.8.gz
update-alternatives 2017-06-02 01:07:44: run with --install /usr/bin/w w /usr/bin/w.procps 50 --slave /usr/share/man/man1/w.1.gz w.1.gz /usr/share/man/man1/w.procps.1.gz
update-alternatives 2017-06-02 01:07:45: run with --install /bin/mt mt /bin/mt-gnu 10 --slave /usr/share/man/man1/mt.1.gz mt.1.gz /usr/share/man/man1/mt-gnu.1.gz
update-alternatives 2017-06-02 01:07:56: run with --install /etc/newt/palette newt-palette /etc/newt/palette.ubuntu 50
update-alternatives 2017-06-02 01:07:56: link group newt-palette updated to point to /etc/newt/palette.ubuntu
update-alternatives 2017-06-02 01:07:56: run with --install /etc/newt/palette newt-palette /etc/newt/palette.original 20
update-alternatives 2017-06-02 01:07:56: run with --install /usr/bin/view view /usr/bin/see 1 --slave /usr/share/man/man1/view.1.gz view.1.gz /usr/share/man/man1/see.1.gz
update-alternatives 2017-06-02 01:07:56: link group view updated to point to /usr/bin/see
update-alternatives 2017-06-02 01:08:00: run with --quiet --install /usr/bin/pager pager /bin/less 77 --slave /usr/share/man/man1/pager.1.gz pager.1.gz /usr/share/man/man1/less.1.gz
update-alternatives 2017-06-02 01:08:00: link group pager updated to point to /bin/less
update-alternatives 2017-06-02 01:08:00: run with --quiet --install /usr/bin/pager pager /bin/less 77 --slave /usr/share/man/man1/pager.1.gz pager.1.gz /usr/share/man/man1/less.1.gz
update-alternatives 2017-06-02 01:08:01: run with --install /bin/nc nc /bin/nc.openbsd 50 --slave /bin/netcat netcat /bin/nc.openbsd --slave /usr/share/man/man1/nc.1.gz nc.1.gz /usr/share/man/man1/nc_openbsd.1.gz --slave /usr/share/man/man1/netcat.1.gz netcat.1.gz /usr/share/man/man1/nc_openbsd.1.gz
update-alternatives 2017-06-02 01:08:01: link group nc updated to point to /bin/nc.openbsd
update-alternatives 2017-06-02 01:08:01: run with --install /usr/bin/rview rview /usr/bin/vim.tiny 10
update-alternatives 2017-06-02 01:08:01: link group rview updated to point to /usr/bin/vim.tiny
update-alternatives 2017-06-02 01:08:01: run with --install /usr/bin/vi vi /usr/bin/vim.tiny 10 --slave /usr/share/man/fr/man1/vi.1.gz vi.fr.1.gz /usr/share/man/fr/man1/vim.1.gz --slave /usr/share/man/it/man1/vi.1.gz vi.it.1.gz /usr/share/man/it/man1/vim.1.gz --slave /usr/share/man/pl/man1/vi.1.gz vi.pl.1.gz /usr/share/man/pl/man1/vim.1.gz --slave /usr/share/man/ru/man1/vi.1.gz vi.ru.1.gz /usr/share/man/ru/man1/vim.1.gz --slave /usr/share/man/ja/man1/vi.1.gz vi.ja.1.gz /usr/share/man/ja/man1/vim.1.gz --slave /usr/share/man/man1/vi.1.gz vi.1.gz /usr/share/man/man1/vim.1.gz
update-alternatives 2017-06-02 01:08:01: link group vi updated to point to /usr/bin/vim.tiny
update-alternatives 2017-06-02 01:08:01: run with --install /usr/bin/view view /usr/bin/vim.tiny 10 --slave /usr/share/man/fr/man1/view.1.gz view.fr.1.gz /usr/share/man/fr/man1/vim.1.gz --slave /usr/share/man/it/man1/view.1.gz view.it.1.gz /usr/share/man/it/man1/vim.1.gz --slave /usr/share/man/pl/man1/view.1.gz view.pl.1.gz /usr/share/man/pl/man1/vim.1.gz --slave /usr/share/man/ru/man1/view.1.gz view.ru.1.gz /usr/share/man/ru/man1/vim.1.gz --slave /usr/share/man/ja/man1/view.1.gz view.ja.1.gz /usr/share/man/ja/man1/vim.1.gz --slave /usr/share/man/man1/view.1.gz view.1.gz /usr/share/man/man1/vim.1.gz
update-alternatives 2017-06-02 01:08:01: link group view updated to point to /usr/bin/vim.tiny
update-alternatives 2017-06-02 01:08:01: run with --install /usr/bin/ex ex /usr/bin/vim.tiny 10 --slave /usr/share/man/fr/man1/ex.1.gz ex.fr.1.gz /usr/share/man/fr/man1/vim.1.gz --slave /usr/share/man/it/man1/ex.1.gz ex.it.1.gz /usr/share/man/it/man1/vim.1.gz --slave /usr/share/man/pl/man1/ex.1.gz ex.pl.1.gz /usr/share/man/pl/man1/vim.1.gz --slave /usr/share/man/ru/man1/ex.1.gz ex.ru.1.gz /usr/share/man/ru/man1/vim.1.gz --slave /usr/share/man/ja/man1/ex.1.gz ex.ja.1.gz /usr/share/man/ja/man1/vim.1.gz --slave /usr/share/man/man1/ex.1.gz ex.1.gz /usr/share/man/man1/vim.1.gz
update-alternatives 2017-06-02 01:08:01: link group ex updated to point to /usr/bin/vim.tiny
update-alternatives 2017-06-02 01:08:01: run with --install /usr/bin/editor editor /usr/bin/vim.tiny 10 --slave /usr/share/man/fr/man1/editor.1.gz editor.fr.1.gz /usr/share/man/fr/man1/vim.1.gz --slave /usr/share/man/it/man1/editor.1.gz editor.it.1.gz /usr/share/man/it/man1/vim.1.gz --slave /usr/share/man/pl/man1/editor.1.gz editor.pl.1.gz /usr/share/man/pl/man1/vim.1.gz --slave /usr/share/man/ru/man1/editor.1.gz editor.ru.1.gz /usr/share/man/ru/man1/vim.1.gz --slave /usr/share/man/ja/man1/editor.1.gz editor.ja.1.gz /usr/share/man/ja/man1/vim.1.gz --slave /usr/share/man/man1/editor.1.gz editor.1.gz /usr/share/man/man1/vim.1.gz
update-alternatives 2017-06-02 01:08:01: link group editor updated to point to /usr/bin/vim.tiny
update-alternatives 2017-06-02 01:08:02: run with --install /usr/bin/rename rename /usr/bin/prename 60 --slave /usr/share/man/man1/rename.1.gz rename.1.gz /usr/share/man/man1/prename.1.gz
update-alternatives 2017-06-02 01:08:02: link group rename updated to point to /usr/bin/prename
update-alternatives 2017-06-02 01:08:03: run with --install /etc/vtrgb vtrgb /etc/console-setup/vtrgb 50
update-alternatives 2017-06-02 01:08:03: link group vtrgb updated to point to /etc/console-setup/vtrgb
update-alternatives 2017-06-02 01:08:04: run with --install /etc/vtrgb vtrgb /etc/console-setup/vtrgb.vga 20
update-alternatives 2017-08-31 12:42:39: run with --install /usr/bin/lzma lzma /usr/bin/xz 20 --slave /usr/share/man/man1/lzma.1.gz lzma.1.gz /usr/share/man/man1/xz.1.gz --slave /usr/bin/unlzma unlzma /usr/bin/unxz --slave /usr/share/man/man1/unlzma.1.gz unlzma.1.gz /usr/share/man/man1/unxz.1.gz --slave /usr/bin/lzcat lzcat /usr/bin/xzcat --slave /usr/share/man/man1/lzcat.1.gz lzcat.1.gz /usr/share/man/man1/xzcat.1.gz --slave /usr/bin/lzmore lzmore /usr/bin/xzmore --slave /usr/share/man/man1/lzmore.1.gz lzmore.1.gz /usr/share/man/man1/xzmore.1.gz --slave /usr/bin/lzless lzless /usr/bin/xzless --slave /usr/share/man/man1/lzless.1.gz lzless.1.gz /usr/share/man/man1/xzless.1.gz --slave /usr/bin/lzdiff lzdiff /usr/bin/xzdiff --slave /usr/share/man/man1/lzdiff.1.gz lzdiff.1.gz /usr/share/man/man1/xzdiff.1.gz --slave /usr/bin/lzcmp lzcmp /usr/bin/xzcmp --slave /usr/share/man/man1/lzcmp.1.gz lzcmp.1.gz /usr/share/man/man1/xzcmp.1.gz --slave /usr/bin/lzgrep lzgrep /usr/bin/xzgrep --slave /usr/share/man/man1/lzgrep.1.gz lzgrep.1.gz /usr/share/man/man1/xzgrep.1.gz --slave /usr/bin/lzegrep lzegrep /usr/bin/xzegrep --slave /usr/share/man/man1/lzegrep.1.gz lzegrep.1.gz /usr/share/man/man1/xzegrep.1.gz --slave /usr/bin/lzfgrep lzfgrep /usr/bin/xzfgrep --slave /usr/share/man/man1/lzfgrep.1.gz lzfgrep.1.gz /usr/share/man/man1/xzfgrep.1.gz
update-alternatives 2017-08-31 12:42:39: link group lzma updated to point to /usr/bin/xz
update-alternatives 2017-08-31 12:44:15: run with --install /usr/bin/write write /usr/bin/bsd-write 100 --slave /usr/share/man/man1/write.1.gz write.1.gz /usr/share/man/man1/bsd-write.1.gz
update-alternatives 2017-08-31 12:44:15: link group write updated to point to /usr/bin/bsd-write
update-alternatives 2017-08-31 12:44:15: run with --install /usr/bin/from from /usr/bin/bsd-from 10 --slave /usr/share/man/man1/from.1.gz from.1.gz /usr/share/man/man1/bsd-from.1.gz
update-alternatives 2017-08-31 12:44:15: link group from updated to point to /usr/bin/bsd-from
update-alternatives 2017-08-31 12:44:24: run with --quiet --install /usr/bin/rsh rsh /usr/bin/ssh 20 --slave /usr/share/man/man1/rsh.1.gz rsh.1.gz /usr/share/man/man1/ssh.1.gz
update-alternatives 2017-08-31 12:44:24: link group rsh updated to point to /usr/bin/ssh
update-alternatives 2017-08-31 12:44:24: run with --quiet --install /usr/bin/rlogin rlogin /usr/bin/slogin 20 --slave /usr/share/man/man1/rlogin.1.gz rlogin.1.gz /usr/share/man/man1/slogin.1.gz
update-alternatives 2017-08-31 12:44:24: link group rlogin updated to point to /usr/bin/slogin
update-alternatives 2017-08-31 12:44:24: run with --quiet --install /usr/bin/rcp rcp /usr/bin/scp 20 --slave /usr/share/man/man1/rcp.1.gz rcp.1.gz /usr/share/man/man1/scp.1.gz
update-alternatives 2017-08-31 12:44:24: link group rcp updated to point to /usr/bin/scp
update-alternatives 2017-08-31 12:44:25: run with --quiet --install /lib/cpp cpp /usr/bin/cpp 10
update-alternatives 2017-08-31 12:44:25: link group cpp updated to point to /usr/bin/cpp
update-alternatives 2017-08-31 12:44:25: run with --quiet --install /usr/bin/cc cc /usr/bin/gcc 20 --slave /usr/share/man/man1/cc.1.gz cc.1.gz /usr/share/man/man1/gcc.1.gz
update-alternatives 2017-08-31 12:44:25: link group cc updated to point to /usr/bin/gcc
update-alternatives 2017-08-31 12:44:25: run with --quiet --install /usr/bin/c89 c89 /usr/bin/c89-gcc 20 --slave /usr/share/man/man1/c89.1.gz c89.1.gz /usr/share/man/man1/c89-gcc.1.gz
update-alternatives 2017-08-31 12:44:25: link group c89 updated to point to /usr/bin/c89-gcc
update-alternatives 2017-08-31 12:44:25: run with --quiet --install /usr/bin/c99 c99 /usr/bin/c99-gcc 20 --slave /usr/share/man/man1/c99.1.gz c99.1.gz /usr/share/man/man1/c99-gcc.1.gz
update-alternatives 2017-08-31 12:44:25: link group c99 updated to point to /usr/bin/c99-gcc
update-alternatives 2017-08-31 12:44:25: run with --install /usr/bin/c++ c++ /usr/bin/g++ 20 --slave /usr/share/man/man1/c++.1.gz c++.1.gz /usr/share/man/man1/g++.1.gz
update-alternatives 2017-08-31 12:44:25: link group c++ updated to point to /usr/bin/g++
update-alternatives 2017-08-31 12:44:25: run with --install /usr/bin/fakeroot fakeroot /usr/bin/fakeroot-sysv 50 --slave /usr/share/man/man1/fakeroot.1.gz fakeroot.1.gz /usr/share/man/man1/fakeroot-sysv.1.gz --slave /usr/share/man/man1/faked.1.gz faked.1.gz /usr/share/man/man1/faked-sysv.1.gz --slave /usr/share/man/es/man1/fakeroot.1.gz fakeroot.es.1.gz /usr/share/man/es/man1/fakeroot-sysv.1.gz --slave /usr/share/man/es/man1/faked.1.gz faked.es.1.gz /usr/share/man/es/man1/faked-sysv.1.gz --slave /usr/share/man/fr/man1/fakeroot.1.gz fakeroot.fr.1.gz /usr/share/man/fr/man1/fakeroot-sysv.1.gz --slave /usr/share/man/fr/man1/faked.1.gz faked.fr.1.gz /usr/share/man/fr/man1/faked-sysv.1.gz --slave /usr/share/man/sv/man1/fakeroot.1.gz fakeroot.sv.1.gz /usr/share/man/sv/man1/fakeroot-sysv.1.gz --slave /usr/share/man/sv/man1/faked.1.gz faked.sv.1.gz /usr/share/man/sv/man1/faked-sysv.1.gz
update-alternatives 2017-08-31 12:44:25: link group fakeroot updated to point to /usr/bin/fakeroot-sysv
update-alternatives 2017-08-31 12:44:25: run with --install /usr/bin/fakeroot fakeroot /usr/bin/fakeroot-tcp 30 --slave /usr/share/man/man1/fakeroot.1.gz fakeroot.1.gz /usr/share/man/man1/fakeroot-tcp.1.gz --slave /usr/share/man/man1/faked.1.gz faked.1.gz /usr/share/man/man1/faked-tcp.1.gz --slave /usr/share/man/es/man1/fakeroot.1.gz fakeroot.es.1.gz /usr/share/man/es/man1/fakeroot-tcp.1.gz --slave /usr/share/man/es/man1/faked.1.gz faked.es.1.gz /usr/share/man/es/man1/faked-tcp.1.gz --slave /usr/share/man/fr/man1/fakeroot.1.gz fakeroot.fr.1.gz /usr/share/man/fr/man1/fakeroot-tcp.1.gz --slave /usr/share/man/fr/man1/faked.1.gz faked.fr.1.gz /usr/share/man/fr/man1/faked-tcp.1.gz --slave /usr/share/man/sv/man1/fakeroot.1.gz fakeroot.sv.1.gz /usr/share/man/sv/man1/fakeroot-tcp.1.gz --slave /usr/share/man/sv/man1/faked.1.gz faked.sv.1.gz /usr/share/man/sv/man1/faked-tcp.1.gz
update-alternatives 2017-08-31 12:45:49: run with --force --install /etc/ld.so.conf.d/x86_64-linux-gnu_GL.conf x86_64-linux-gnu_gl_conf /usr/lib/x86_64-linux-gnu/mesa/ld.so.conf 500 --slave /usr/lib/x86_64-linux-gnu/xorg/extra-modules x86_64-linux-gnu_xorg_extra_modules /usr/lib/x86_64-linux-gnu/xorg/x11-extra-modules
update-alternatives 2017-08-31 12:45:49: link group x86_64-linux-gnu_gl_conf updated to point to /usr/lib/x86_64-linux-gnu/mesa/ld.so.conf
update-alternatives 2017-08-31 12:45:49: run with --install /usr/lib/x86_64-linux-gnu/libtxc_dxtn.so libtxc-dxtn-x86_64-linux-gnu /usr/lib/x86_64-linux-gnu/libtxc_dxtn_s2tc.so.0 10
update-alternatives 2017-08-31 12:45:49: link group libtxc-dxtn-x86_64-linux-gnu updated to point to /usr/lib/x86_64-linux-gnu/libtxc_dxtn_s2tc.so.0
update-alternatives 2017-08-31 12:45:50: run with --install /usr/bin/java java /usr/lib/jvm/java-7-openjdk-amd64/jre/bin/java 1071 --slave /usr/share/man/man1/java.1.gz java.1.gz /usr/lib/jvm/java-7-openjdk-amd64/jre/man/man1/java.1.gz
update-alternatives 2017-08-31 12:45:50: link group java updated to point to /usr/lib/jvm/java-7-openjdk-amd64/jre/bin/java
update-alternatives 2017-08-31 12:45:50: run with --install /usr/bin/keytool keytool /usr/lib/jvm/java-7-openjdk-amd64/jre/bin/keytool 1071 --slave /usr/share/man/man1/keytool.1.gz keytool.1.gz /usr/lib/jvm/java-7-openjdk-amd64/jre/man/man1/keytool.1.gz
update-alternatives 2017-08-31 12:45:50: link group keytool updated to point to /usr/lib/jvm/java-7-openjdk-amd64/jre/bin/keytool
update-alternatives 2017-08-31 12:45:50: run with --install /usr/bin/pack200 pack200 /usr/lib/jvm/java-7-openjdk-amd64/jre/bin/pack200 1071 --slave /usr/share/man/man1/pack200.1.gz pack200.1.gz /usr/lib/jvm/java-7-openjdk-amd64/jre/man/man1/pack200.1.gz
update-alternatives 2017-08-31 12:45:50: link group pack200 updated to point to /usr/lib/jvm/java-7-openjdk-amd64/jre/bin/pack200
update-alternatives 2017-08-31 12:45:50: run with --install /usr/bin/rmid rmid /usr/lib/jvm/java-7-openjdk-amd64/jre/bin/rmid 1071 --slave /usr/share/man/man1/rmid.1.gz rmid.1.gz /usr/lib/jvm/java-7-openjdk-amd64/jre/man/man1/rmid.1.gz
update-alternatives 2017-08-31 12:45:50: link group rmid updated to point to /usr/lib/jvm/java-7-openjdk-amd64/jre/bin/rmid
update-alternatives 2017-08-31 12:45:50: run with --install /usr/bin/rmiregistry rmiregistry /usr/lib/jvm/java-7-openjdk-amd64/jre/bin/rmiregistry 1071 --slave /usr/share/man/man1/rmiregistry.1.gz rmiregistry.1.gz /usr/lib/jvm/java-7-openjdk-amd64/jre/man/man1/rmiregistry.1.gz
update-alternatives 2017-08-31 12:45:50: link group rmiregistry updated to point to /usr/lib/jvm/java-7-openjdk-amd64/jre/bin/rmiregistry
update-alternatives 2017-08-31 12:45:50: run with --install /usr/bin/unpack200 unpack200 /usr/lib/jvm/java-7-openjdk-amd64/jre/bin/unpack200 1071 --slave /usr/share/man/man1/unpack200.1.gz unpack200.1.gz /usr/lib/jvm/java-7-openjdk-amd64/jre/man/man1/unpack200.1.gz
update-alternatives 2017-08-31 12:45:50: link group unpack200 updated to point to /usr/lib/jvm/java-7-openjdk-amd64/jre/bin/unpack200
update-alternatives 2017-08-31 12:45:50: run with --install /usr/bin/orbd orbd /usr/lib/jvm/java-7-openjdk-amd64/jre/bin/orbd 1071 --slave /usr/share/man/man1/orbd.1.gz orbd.1.gz /usr/lib/jvm/java-7-openjdk-amd64/jre/man/man1/orbd.1.gz
update-alternatives 2017-08-31 12:45:50: link group orbd updated to point to /usr/lib/jvm/java-7-openjdk-amd64/jre/bin/orbd
update-alternatives 2017-08-31 12:45:50: run with --install /usr/bin/servertool servertool /usr/lib/jvm/java-7-openjdk-amd64/jre/bin/servertool 1071 --slave /usr/share/man/man1/servertool.1.gz servertool.1.gz /usr/lib/jvm/java-7-openjdk-amd64/jre/man/man1/servertool.1.gz
update-alternatives 2017-08-31 12:45:50: link group servertool updated to point to /usr/lib/jvm/java-7-openjdk-amd64/jre/bin/servertool
update-alternatives 2017-08-31 12:45:50: run with --install /usr/bin/tnameserv tnameserv /usr/lib/jvm/java-7-openjdk-amd64/jre/bin/tnameserv 1071 --slave /usr/share/man/man1/tnameserv.1.gz tnameserv.1.gz /usr/lib/jvm/java-7-openjdk-amd64/jre/man/man1/tnameserv.1.gz
update-alternatives 2017-08-31 12:45:50: link group tnameserv updated to point to /usr/lib/jvm/java-7-openjdk-amd64/jre/bin/tnameserv
update-alternatives 2017-08-31 12:45:50: run with --install /usr/bin/jexec jexec /usr/lib/jvm/java-7-openjdk-amd64/jre/lib/jexec 1071 --slave /usr/share/binfmts/jar jexec-binfmt /usr/lib/jvm/java-7-openjdk-amd64/jre/lib/jar.binfmt
update-alternatives 2017-08-31 12:45:50: link group jexec updated to point to /usr/lib/jvm/java-7-openjdk-amd64/jre/lib/jexec
update-alternatives 2017-08-31 12:45:50: run with --install /usr/bin/policytool policytool /usr/lib/jvm/java-7-openjdk-amd64/jre/bin/policytool 1071 --slave /usr/share/man/man1/policytool.1.gz policytool.1.gz /usr/lib/jvm/java-7-openjdk-amd64/jre/man/man1/policytool.1.gz
update-alternatives 2017-08-31 12:45:50: link group policytool updated to point to /usr/lib/jvm/java-7-openjdk-amd64/jre/bin/policytool
update-alternatives 2017-08-31 12:46:52: run with --install /usr/bin/js js /usr/bin/rhino 100 --slave /usr/share/man/man1/js.1.gz js.1.gz /usr/share/man/man1/rhino.1.gz
update-alternatives 2017-08-31 12:46:52: link group js updated to point to /usr/bin/rhino
update-alternatives 2017-08-31 12:46:52: run with --install /usr/bin/mvn mvn /usr/share/maven2/bin/mvn 200 --slave /usr/bin/mvnDebug mvnDebug /usr/share/maven2/bin/mvnDebug --slave /usr/share/man/man1/mvn.1.gz mvn.1.gz /usr/share/maven2/man/mvn.1.gz --slave /usr/share/man/man1/mvnDebug.1.gz mvnDebug.1.gz /usr/share/maven2/man/mvnDebug.1.gz
update-alternatives 2017-08-31 12:46:52: link group mvn updated to point to /usr/share/maven2/bin/mvn
update-alternatives 2017-08-31 12:47:13: run with --install /usr/bin/editor editor /bin/nano 40 --slave /usr/share/man/man1/editor.1.gz editor.1.gz /usr/share/man/man1/nano.1.gz
update-alternatives 2017-08-31 12:47:13: link group editor updated to point to /bin/nano
update-alternatives 2017-08-31 12:47:13: run with --install /usr/bin/pico pico /bin/nano 10 --slave /usr/share/man/man1/pico.1.gz pico.1.gz /usr/share/man/man1/nano.1.gz
update-alternatives 2017-08-31 12:47:13: link group pico updated to point to /bin/nano
update-alternatives 2017-08-31 12:47:13: run with --install /usr/bin/ctags ctags /usr/bin/ctags-exuberant 30 --slave /usr/share/man/man1/ctags.1.gz ctags.1.gz /usr/share/man/man1/ctags-exuberant.1.gz
update-alternatives 2017-08-31 12:47:13: link group ctags updated to point to /usr/bin/ctags-exuberant
update-alternatives 2017-08-31 12:47:13: run with --install /usr/bin/etags etags /usr/bin/ctags-exuberant 10 --slave /usr/share/man/man1/etags.1.gz etags.1.gz /usr/share/man/man1/ctags-exuberant.1.gz
update-alternatives 2017-08-31 12:47:13: link group etags updated to point to /usr/bin/ctags-exuberant
update-alternatives 2017-08-31 12:47:13: run with --install /usr/bin/vim vim /usr/bin/vim.basic 30
update-alternatives 2017-08-31 12:47:13: link group vim updated to point to /usr/bin/vim.basic
update-alternatives 2017-08-31 12:47:13: run with --install /usr/bin/vimdiff vimdiff /usr/bin/vim.basic 30
update-alternatives 2017-08-31 12:47:13: link group vimdiff updated to point to /usr/bin/vim.basic
update-alternatives 2017-08-31 12:47:13: run with --install /usr/bin/rvim rvim /usr/bin/vim.basic 30
update-alternatives 2017-08-31 12:47:13: link group rvim updated to point to /usr/bin/vim.basic
update-alternatives 2017-08-31 12:47:13: run with --install /usr/bin/rview rview /usr/bin/vim.basic 30
update-alternatives 2017-08-31 12:47:13: link group rview updated to point to /usr/bin/vim.basic
update-alternatives 2017-08-31 12:47:13: run with --install /usr/bin/vi vi /usr/bin/vim.basic 30 --slave /usr/share/man/fr/man1/vi.1.gz vi.fr.1.gz /usr/share/man/fr/man1/vim.1.gz --slave /usr/share/man/it/man1/vi.1.gz vi.it.1.gz /usr/share/man/it/man1/vim.1.gz --slave /usr/share/man/pl/man1/vi.1.gz vi.pl.1.gz /usr/share/man/pl/man1/vim.1.gz --slave /usr/share/man/ru/man1/vi.1.gz vi.ru.1.gz /usr/share/man/ru/man1/vim.1.gz --slave /usr/share/man/ja/man1/vi.1.gz vi.ja.1.gz /usr/share/man/ja/man1/vim.1.gz --slave /usr/share/man/man1/vi.1.gz vi.1.gz /usr/share/man/man1/vim.1.gz
update-alternatives 2017-08-31 12:47:13: link group vi updated to point to /usr/bin/vim.basic
update-alternatives 2017-08-31 12:47:13: run with --install /usr/bin/view view /usr/bin/vim.basic 30 --slave /usr/share/man/fr/man1/view.1.gz view.fr.1.gz /usr/share/man/fr/man1/vim.1.gz --slave /usr/share/man/it/man1/view.1.gz view.it.1.gz /usr/share/man/it/man1/vim.1.gz --slave /usr/share/man/pl/man1/view.1.gz view.pl.1.gz /usr/share/man/pl/man1/vim.1.gz --slave /usr/share/man/ru/man1/view.1.gz view.ru.1.gz /usr/share/man/ru/man1/vim.1.gz --slave /usr/share/man/ja/man1/view.1.gz view.ja.1.gz /usr/share/man/ja/man1/vim.1.gz --slave /usr/share/man/man1/view.1.gz view.1.gz /usr/share/man/man1/vim.1.gz
update-alternatives 2017-08-31 12:47:13: link group view updated to point to /usr/bin/vim.basic
update-alternatives 2017-08-31 12:47:13: run with --install /usr/bin/ex ex /usr/bin/vim.basic 30 --slave /usr/share/man/fr/man1/ex.1.gz ex.fr.1.gz /usr/share/man/fr/man1/vim.1.gz --slave /usr/share/man/it/man1/ex.1.gz ex.it.1.gz /usr/share/man/it/man1/vim.1.gz --slave /usr/share/man/pl/man1/ex.1.gz ex.pl.1.gz /usr/share/man/pl/man1/vim.1.gz --slave /usr/share/man/ru/man1/ex.1.gz ex.ru.1.gz /usr/share/man/ru/man1/vim.1.gz --slave /usr/share/man/ja/man1/ex.1.gz ex.ja.1.gz /usr/share/man/ja/man1/vim.1.gz --slave /usr/share/man/man1/ex.1.gz ex.1.gz /usr/share/man/man1/vim.1.gz
update-alternatives 2017-08-31 12:47:13: link group ex updated to point to /usr/bin/vim.basic
update-alternatives 2017-08-31 12:47:13: run with --install /usr/bin/editor editor /usr/bin/vim.basic 30 --slave /usr/share/man/fr/man1/editor.1.gz editor.fr.1.gz /usr/share/man/fr/man1/vim.1.gz --slave /usr/share/man/it/man1/editor.1.gz editor.it.1.gz /usr/share/man/it/man1/vim.1.gz --slave /usr/share/man/pl/man1/editor.1.gz editor.pl.1.gz /usr/share/man/pl/man1/vim.1.gz --slave /usr/share/man/ru/man1/editor.1.gz editor.ru.1.gz /usr/share/man/ru/man1/vim.1.gz --slave /usr/share/man/ja/man1/editor.1.gz editor.ja.1.gz /usr/share/man/ja/man1/vim.1.gz --slave /usr/share/man/man1/editor.1.gz editor.1.gz /usr/share/man/man1/vim.1.gz
update-alternatives 2017-08-31 12:48:21: run with --install /usr/share/man/man1/psql.1.gz psql.1.gz /usr/share/postgresql/9.3/man/man1/psql.1.gz 93 --slave /usr/share/man/man7/DROP_FUNCTION.7.gz DROP_FUNCTION.7.gz /usr/share/postgresql/9.3/man/man7/DROP_FUNCTION.7.gz --slave /usr/share/man/man7/DROP_GROUP.7.gz DROP_GROUP.7.gz /usr/share/postgresql/9.3/man/man7/DROP_GROUP.7.gz --slave /usr/share/man/man7/DROP_TABLESPACE.7.gz DROP_TABLESPACE.7.gz /usr/share/postgresql/9.3/man/man7/DROP_TABLESPACE.7.gz --slave /usr/share/man/man7/CREATE_MATERIALIZED_VIEW.7.gz CREATE_MATERIALIZED_VIEW.7.gz /usr/share/postgresql/9.3/man/man7/CREATE_MATERIALIZED_VIEW.7.gz --slave /usr/share/man/man7/DROP_CONVERSION.7.gz DROP_CONVERSION.7.gz /usr/share/postgresql/9.3/man/man7/DROP_CONVERSION.7.gz --slave /usr/share/man/man7/SELECT_INTO.7.gz SELECT_INTO.7.gz /usr/share/postgresql/9.3/man/man7/SELECT_INTO.7.gz --slave /usr/share/man/man7/ALTER_TEXT_SEARCH_DICTIONARY.7.gz ALTER_TEXT_SEARCH_DICTIONARY.7.gz /usr/share/postgresql/9.3/man/man7/ALTER_TEXT_SEARCH_DICTIONARY.7.gz --slave /usr/share/man/man7/ABORT.7.gz ABORT.7.gz /usr/share/postgresql/9.3/man/man7/ABORT.7.gz --slave /usr/share/man/man7/ALTER_FOREIGN_TABLE.7.gz ALTER_FOREIGN_TABLE.7.gz /usr/share/postgresql/9.3/man/man7/ALTER_FOREIGN_TABLE.7.gz --slave /usr/share/man/man7/CREATE_EVENT_TRIGGER.7.gz CREATE_EVENT_TRIGGER.7.gz /usr/share/postgresql/9.3/man/man7/CREATE_EVENT_TRIGGER.7.gz --slave /usr/share/man/man7/CREATE_GROUP.7.gz CREATE_GROUP.7.gz /usr/share/postgresql/9.3/man/man7/CREATE_GROUP.7.gz --slave /usr/share/man/man7/CREATE_TABLE.7.gz CREATE_TABLE.7.gz /usr/share/postgresql/9.3/man/man7/CREATE_TABLE.7.gz --slave /usr/share/man/man7/CREATE_OPERATOR.7.gz CREATE_OPERATOR.7.gz /usr/share/postgresql/9.3/man/man7/CREATE_OPERATOR.7.gz --slave /usr/share/man/man7/DROP_TYPE.7.gz DROP_TYPE.7.gz /usr/share/postgresql/9.3/man/man7/DROP_TYPE.7.gz --slave /usr/share/man/man7/DROP_FOREIGN_DATA_WRAPPER.7.gz DROP_FOREIGN_DATA_WRAPPER.7.gz /usr/share/postgresql/9.3/man/man7/DROP_FOREIGN_DATA_WRAPPER.7.gz --slave
update-alternatives 2017-08-31 12:48:21: link group psql.1.gz updated to point to /usr/share/postgresql/9.3/man/man1/psql.1.gz
update-alternatives 2017-08-31 12:48:26: run with --install /usr/share/man/man1/postmaster.1.gz postmaster.1.gz /usr/share/postgresql/9.3/man/man1/postmaster.1.gz 93 --slave /usr/share/man/man1/pg_controldata.1.gz pg_controldata.1.gz /usr/share/postgresql/9.3/man/man1/pg_controldata.1.gz --slave /usr/share/man/man1/pg_xlogdump.1.gz pg_xlogdump.1.gz /usr/share/postgresql/9.3/man/man1/pg_xlogdump.1.gz --slave /usr/share/man/man1/initdb.1.gz initdb.1.gz /usr/share/postgresql/9.3/man/man1/initdb.1.gz --slave /usr/share/man/man1/pg_ctl.1.gz pg_ctl.1.gz /usr/share/postgresql/9.3/man/man1/pg_ctl.1.gz --slave /usr/share/man/man1/pg_upgrade.1.gz pg_upgrade.1.gz /usr/share/postgresql/9.3/man/man1/pg_upgrade.1.gz --slave /usr/share/man/man1/pg_resetxlog.1.gz pg_resetxlog.1.gz /usr/share/postgresql/9.3/man/man1/pg_resetxlog.1.gz --slave /usr/share/man/man1/postgres.1.gz postgres.1.gz /usr/share/postgresql/9.3/man/man1/postgres.1.gz
update-alternatives 2017-08-31 12:48:26: link group postmaster.1.gz updated to point to /usr/share/postgresql/9.3/man/man1/postmaster.1.gz
update-alternatives 2017-08-31 12:49:07: run with --quiet --install /usr/bin/locate locate /usr/bin/locate.findutils 20 --slave /usr/share/man/man1/locate.1.gz locate.1.gz /usr/share/man/man1/locate.findutils.1.gz --slave /usr/bin/updatedb updatedb /usr/bin/updatedb.findutils --slave /usr/share/man/man1/updatedb.1.gz updatedb.1.gz /usr/share/man/man1/updatedb.findutils.1.gz
update-alternatives 2017-08-31 12:49:07: link group locate updated to point to /usr/bin/locate.findutils
update-alternatives 2017-08-31 12:51:25: run with --install /usr/bin/ctags ctags /usr/bin/ctags.emacs24 27 --slave /usr/share/man/man1/ctags.1.gz ctags.1.gz /usr/share/man/man1/ctags.emacs24.1.gz
update-alternatives 2017-08-31 12:51:25: run with --install /usr/bin/ebrowse ebrowse /usr/bin/ebrowse.emacs24 27 --slave /usr/share/man/man1/ebrowse.1.gz ebrowse.1.gz /usr/share/man/man1/ebrowse.emacs24.1.gz
update-alternatives 2017-08-31 12:51:25: link group ebrowse updated to point to /usr/bin/ebrowse.emacs24
update-alternatives 2017-08-31 12:51:25: run with --install /usr/bin/emacsclient emacsclient /usr/bin/emacsclient.emacs24 27 --slave /usr/share/man/man1/emacsclient.1.gz emacsclient.1.gz /usr/share/man/man1/emacsclient.emacs24.1.gz
update-alternatives 2017-08-31 12:51:25: link group emacsclient updated to point to /usr/bin/emacsclient.emacs24
update-alternatives 2017-08-31 12:51:25: run with --install /usr/bin/etags etags /usr/bin/etags.emacs24 27 --slave /usr/share/man/man1/etags.1.gz etags.1.gz /usr/share/man/man1/etags.emacs24.1.gz
update-alternatives 2017-08-31 12:51:25: link group etags updated to point to /usr/bin/etags.emacs24
update-alternatives 2017-08-31 12:51:25: run with --install /usr/bin/grep-changelog grep-changelog /usr/bin/grep-changelog.emacs24 27 --slave /usr/share/man/man1/grep-changelog.1.gz grep-changelog.1.gz /usr/share/man/man1/grep-changelog.emacs24.1.gz
update-alternatives 2017-08-31 12:51:25: link group grep-changelog updated to point to /usr/bin/grep-changelog.emacs24
update-alternatives 2017-08-31 12:51:26: run with --install /usr/share/ghostscript/current ghostscript-current /usr/share/ghostscript/9.10 910
update-alternatives 2017-08-31 12:51:26: link group ghostscript-current updated to point to /usr/share/ghostscript/9.10
update-alternatives 2017-08-31 12:51:26: run with --install /usr/bin/mailx mailx /usr/bin/heirloom-mailx 60 --slave /usr/bin/mail mail /usr/bin/heirloom-mailx --slave /usr/bin/Mail Mail /usr/bin/heirloom-mailx --slave /usr/share/man/man1/mailx.1.gz mailx.1.gz /usr/share/man/man1/heirloom-mailx.1.gz --slave /usr/share/man/man1/mail.1.gz mail.1.gz /usr/share/man/man1/heirloom-mailx.1.gz --slave /usr/share/man/man1/Mail.1.gz Mail.1.gz /usr/share/man/man1/heirloom-mailx.1.gz
update-alternatives 2017-08-31 12:51:26: link group mailx updated to point to /usr/bin/heirloom-mailx
update-alternatives 2017-08-31 12:51:30: run with --install /usr/bin/x-terminal-emulator x-terminal-emulator /usr/bin/xterm 20 --slave /usr/share/man/man1/x-terminal-emulator.1.gz x-terminal-emulator.1.gz /usr/share/man/man1/xterm.1.gz
update-alternatives 2017-08-31 12:51:30: link group x-terminal-emulator updated to point to /usr/bin/xterm
update-alternatives 2017-08-31 12:51:30: run with --install /usr/bin/x-terminal-emulator x-terminal-emulator /usr/bin/uxterm 20 --slave /usr/share/man/man1/x-terminal-emulator.1.gz x-terminal-emulator.1.gz /usr/share/man/man1/uxterm.1.gz
update-alternatives 2017-08-31 12:51:30: run with --install /usr/bin/x-terminal-emulator x-terminal-emulator /usr/bin/koi8rxterm 20 --slave /usr/share/man/man1/x-terminal-emulator.1.gz x-terminal-emulator.1.gz /usr/share/man/man1/koi8rxterm.1.gz
update-alternatives 2017-08-31 12:51:30: run with --install /usr/bin/x-terminal-emulator x-terminal-emulator /usr/bin/lxterm 30 --slave /usr/share/man/man1/x-terminal-emulator.1.gz x-terminal-emulator.1.gz /usr/share/man/man1/lxterm.1.gz
update-alternatives 2017-08-31 12:51:30: link group x-terminal-emulator updated to point to /usr/bin/lxterm
update-alternatives 2017-08-31 12:51:32: run with --install /usr/bin/emacs emacs /usr/bin/emacs24-x 27 --slave /usr/share/man/man1/emacs.1.gz emacs.1.gz /usr/share/man/man1/emacs.emacs24.1.gz --slave /usr/share/icons/hicolor/scalable/apps/emacs.svg emacs.svg /usr/share/icons/hicolor/scalable/apps/emacs24.svg --slave /usr/share/icons/hicolor/scalable/mimetypes/emacs-document.svg emacs-document.svg /usr/share/icons/hicolor/scalable/mimetypes/emacs24-document.svg --slave /usr/share/icons/hicolor/16x16/apps/emacs.png emacs-16x16.png /usr/share/icons/hicolor/16x16/apps/emacs24.png --slave /usr/share/icons/hicolor/24x24/apps/emacs.png emacs-24x24.png /usr/share/icons/hicolor/24x24/apps/emacs24.png --slave /usr/share/icons/hicolor/32x32/apps/emacs.png emacs-32x32.png /usr/share/icons/hicolor/32x32/apps/emacs24.png --slave /usr/share/icons/hicolor/48x48/apps/emacs.png emacs-48x48.png /usr/share/icons/hicolor/48x48/apps/emacs24.png --slave /usr/share/icons/hicolor/128x128/apps/emacs.png emacs-128x128.png /usr/share/icons/hicolor/128x128/apps/emacs24.png
update-alternatives 2017-08-31 12:51:32: link group emacs updated to point to /usr/bin/emacs24-x
update-alternatives 2017-08-31 12:51:32: run with --install /usr/bin/editor editor /usr/bin/emacs24 0 --slave /usr/share/man/man1/editor.1.gz editor.1.gz /usr/share/man/man1/emacs.emacs24.1.gz
update-alternatives 2017-08-31 12:53:45: run with --install /usr/bin/mpirun mpirun /usr/bin/mpirun.openmpi 50 --slave /usr/share/man/man1/mpirun.1.gz mpirun.1.gz /usr/share/man/man1/mpirun.openmpi.1.gz --slave /usr/bin/mpiexec mpiexec /usr/bin/mpiexec.openmpi --slave /usr/share/man/man1/mpiexec.1.gz mpiexec.1.gz /usr/share/man/man1/mpiexec.openmpi.1.gz
update-alternatives 2017-08-31 12:53:45: link group mpirun updated to point to /usr/bin/mpirun.openmpi
update-alternatives 2017-08-31 12:53:48: run with --install /usr/include/mpi mpi /usr/lib/openmpi/include 50 --slave /usr/lib/libmpi.so libmpi.so /usr/lib/openmpi/lib/libmpi.so --slave /usr/lib/libmpi++.so libmpi++.so /usr/lib/openmpi/lib/libmpi_cxx.so --slave /usr/lib/libmpif77.so libmpif77.so /usr/lib/openmpi/lib/libmpi_f77.so --slave /usr/lib/libmpif90.so libmpif90.so /usr/lib/openmpi/lib/libmpi_f90.so --slave /usr/bin/mpicc mpicc /usr/bin/mpicc.openmpi --slave /usr/bin/mpic++ mpic++ /usr/bin/mpic++.openmpi --slave /usr/bin/mpicxx mpicxx /usr/bin/mpic++.openmpi --slave /usr/bin/mpiCC mpiCC /usr/bin/mpic++.openmpi --slave /usr/bin/mpif77 mpif77 /usr/bin/mpif77.openmpi --slave /usr/bin/mpif90 mpif90 /usr/bin/mpif90.openmpi --slave /usr/share/man/man1/mpicc.1.gz mpicc.1.gz /usr/share/man/man1/mpicc.openmpi.1.gz --slave /usr/share/man/man1/mpic++.1.gz mpic++.1.gz /usr/share/man/man1/mpic++.openmpi.1.gz --slave /usr/share/man/man1/mpicxx.1.gz mpicxx.1.gz /usr/share/man/man1/mpicxx.openmpi.1.gz --slave /usr/share/man/man1/mpiCC.1.gz mpiCC.1.gz /usr/share/man/man1/mpiCC.openmpi.1.gz --slave /usr/share/man/man1/mpif77.1.gz mpif77.1.gz /usr/share/man/man1/mpif77.openmpi.1.gz --slave /usr/share/man/man1/mpif90.1.gz mpif90.1.gz /usr/share/man/man1/mpif90.openmpi.1.gz
update-alternatives 2017-08-31 12:53:48: link group mpi updated to point to /usr/lib/openmpi/include
update-alternatives 2017-08-31 12:53:49: run with --install /usr/bin/www-browser www-browser /usr/bin/lynx 40 --slave /usr/share/man/man1/www-browser.1.gz www-browser.1.gz /usr/share/man/man1/lynx.1.gz
update-alternatives 2017-08-31 12:53:49: link group www-browser updated to point to /usr/bin/lynx
update-alternatives 2017-08-31 12:54:23: run with --quiet --install /usr/bin/awk awk /usr/bin/gawk 10 --slave /usr/share/man/man1/awk.1.gz awk.1.gz /usr/share/man/man1/gawk.1.gz --slave /usr/bin/nawk nawk /usr/bin/gawk --slave /usr/share/man/man1/nawk.1.gz nawk.1.gz /usr/share/man/man1/gawk.1.gz
update-alternatives 2017-08-31 12:54:23: link group awk updated to point to /usr/bin/gawk
update-alternatives 2017-08-31 12:55:02: run with --install /usr/bin/automake automake /usr/bin/automake-1.14 32 --slave /usr/bin/aclocal aclocal /usr/bin/aclocal-1.14 --slave /usr/share/man/man1/automake.1.gz automake.1.gz /usr/share/man/man1/automake-1.14.1.gz --slave /usr/share/man/man1/aclocal.1.gz aclocal.1.gz /usr/share/man/man1/aclocal-1.14.1.gz
update-alternatives 2017-08-31 12:55:02: link group automake updated to point to /usr/bin/automake-1.14
update-alternatives 2017-08-31 12:55:02: run with --install /usr/bin/yacc yacc /usr/bin/bison.yacc 100 --slave /usr/share/man/man1/yacc.1.gz yaccman /usr/share/man/man1/bison.yacc.1.gz
update-alternatives 2017-08-31 12:55:02: link group yacc updated to point to /usr/bin/bison.yacc
update-alternatives 2017-08-31 12:56:54: run with --install /usr/bin/php php /usr/bin/php5 50 --slave /usr/share/man/man1/php.1.gz php.1.gz /usr/share/man/man1/php5.1.gz
update-alternatives 2017-08-31 12:56:54: link group php updated to point to /usr/bin/php5
update-alternatives 2017-08-31 13:00:54: run with --install /usr/bin/php-config php-config /usr/bin/php-config5 50 --slave /usr/share/man/man1/php-config.1.gz php-config.1.gz /usr/share/man/man1/php-config5.1.gz
update-alternatives 2017-08-31 13:00:54: link group php-config updated to point to /usr/bin/php-config5
update-alternatives 2017-08-31 13:00:54: run with --install /usr/bin/phpize phpize /usr/bin/phpize5 50 --slave /usr/share/man/man1/phpize.1.gz phpize.1.gz /usr/share/man/man1/phpize5.1.gz
update-alternatives 2017-08-31 13:00:54: link group phpize updated to point to /usr/bin/phpize5
update-alternatives 2018-09-28 22:59:00: run with --install /usr/bin/php php /usr/bin/php5 50 --slave /usr/share/man/man1/php.1.gz php.1.gz /usr/share/man/man1/php5.1.gz
update-alternatives 2018-09-28 22:59:11: run with --install /usr/bin/telnet telnet /usr/bin/telnet.netkit 100 --slave /usr/share/man/man1/telnet.1.gz telnet.1.gz /usr/share/man/man1/telnet.netkit.1.gz
update-alternatives 2018-09-28 22:59:11: link group telnet updated to point to /usr/bin/telnet.netkit
update-alternatives 2018-09-28 22:59:12: run with --install /usr/bin/php-cgi php-cgi /usr/bin/php5-cgi 50 --slave /usr/share/man/man1/php-cgi.1.gz php-cgi.1.gz /usr/share/man/man1/php5-cgi.1.gz
update-alternatives 2018-09-28 22:59:12: link group php-cgi updated to point to /usr/bin/php5-cgi
update-alternatives 2018-09-28 22:59:12: run with --install /usr/lib/cgi-bin/php php-cgi-bin /usr/lib/cgi-bin/php5 50
update-alternatives 2018-09-28 22:59:12: link group php-cgi-bin updated to point to /usr/lib/cgi-bin/php5
update-alternatives 2018-09-28 22:59:13: run with --remove js /usr/bin/node
update-alternatives 2018-09-28 22:59:13: run with --install /usr/bin/js js /usr/bin/nodejs 200 --slave /usr/share/man/man1/js.1.gz js.1.gz /usr/share/man/man1/nodejs.1.gz
update-alternatives 2018-09-28 22:59:13: link group js updated to point to /usr/bin/nodejs
update-alternatives 2018-09-28 22:59:13: run with --install /usr/bin/appletviewer appletviewer /usr/lib/jvm/java-7-openjdk-amd64/bin/appletviewer 1071 --slave /usr/share/man/man1/appletviewer.1.gz appletviewer.1.gz /usr/lib/jvm/java-7-openjdk-amd64/man/man1/appletviewer.1.gz
update-alternatives 2018-09-28 22:59:13: link group appletviewer updated to point to /usr/lib/jvm/java-7-openjdk-amd64/bin/appletviewer
update-alternatives 2018-09-28 22:59:13: run with --install /usr/bin/extcheck extcheck /usr/lib/jvm/java-7-openjdk-amd64/bin/extcheck 1071 --slave /usr/share/man/man1/extcheck.1.gz extcheck.1.gz /usr/lib/jvm/java-7-openjdk-amd64/man/man1/extcheck.1.gz
update-alternatives 2018-09-28 22:59:13: link group extcheck updated to point to /usr/lib/jvm/java-7-openjdk-amd64/bin/extcheck
update-alternatives 2018-09-28 22:59:13: run with --install /usr/bin/idlj idlj /usr/lib/jvm/java-7-openjdk-amd64/bin/idlj 1071 --slave /usr/share/man/man1/idlj.1.gz idlj.1.gz /usr/lib/jvm/java-7-openjdk-amd64/man/man1/idlj.1.gz
update-alternatives 2018-09-28 22:59:13: link group idlj updated to point to /usr/lib/jvm/java-7-openjdk-amd64/bin/idlj
update-alternatives 2018-09-28 22:59:13: run with --install /usr/bin/jar jar /usr/lib/jvm/java-7-openjdk-amd64/bin/jar 1071 --slave /usr/share/man/man1/jar.1.gz jar.1.gz /usr/lib/jvm/java-7-openjdk-amd64/man/man1/jar.1.gz
update-alternatives 2018-09-28 22:59:13: link group jar updated to point to /usr/lib/jvm/java-7-openjdk-amd64/bin/jar
update-alternatives 2018-09-28 22:59:13: run with --install /usr/bin/jarsigner jarsigner /usr/lib/jvm/java-7-openjdk-amd64/bin/jarsigner 1071 --slave /usr/share/man/man1/jarsigner.1.gz jarsigner.1.gz /usr/lib/jvm/java-7-openjdk-amd64/man/man1/jarsigner.1.gz
update-alternatives 2018-09-28 22:59:13: link group jarsigner updated to point to /usr/lib/jvm/java-7-openjdk-amd64/bin/jarsigner
update-alternatives 2018-09-28 22:59:13: run with --install /usr/bin/javac javac /usr/lib/jvm/java-7-openjdk-amd64/bin/javac 1071 --slave /usr/share/man/man1/javac.1.gz javac.1.gz /usr/lib/jvm/java-7-openjdk-amd64/man/man1/javac.1.gz
update-alternatives 2018-09-28 22:59:13: link group javac updated to point to /usr/lib/jvm/java-7-openjdk-amd64/bin/javac
update-alternatives 2018-09-28 22:59:13: run with --install /usr/bin/javadoc javadoc /usr/lib/jvm/java-7-openjdk-amd64/bin/javadoc 1071 --slave /usr/share/man/man1/javadoc.1.gz javadoc.1.gz /usr/lib/jvm/java-7-openjdk-amd64/man/man1/javadoc.1.gz
update-alternatives 2018-09-28 22:59:13: link group javadoc updated to point to /usr/lib/jvm/java-7-openjdk-amd64/bin/javadoc
update-alternatives 2018-09-28 22:59:14: run with --install /usr/bin/javah javah /usr/lib/jvm/java-7-openjdk-amd64/bin/javah 1071 --slave /usr/share/man/man1/javah.1.gz javah.1.gz /usr/lib/jvm/java-7-openjdk-amd64/man/man1/javah.1.gz
update-alternatives 2018-09-28 22:59:14: link group javah updated to point to /usr/lib/jvm/java-7-openjdk-amd64/bin/javah
update-alternatives 2018-09-28 22:59:14: run with --install /usr/bin/javap javap /usr/lib/jvm/java-7-openjdk-amd64/bin/javap 1071 --slave /usr/share/man/man1/javap.1.gz javap.1.gz /usr/lib/jvm/java-7-openjdk-amd64/man/man1/javap.1.gz
update-alternatives 2018-09-28 22:59:14: link group javap updated to point to /usr/lib/jvm/java-7-openjdk-amd64/bin/javap
update-alternatives 2018-09-28 22:59:14: run with --install /usr/bin/jcmd jcmd /usr/lib/jvm/java-7-openjdk-amd64/bin/jcmd 1071 --slave /usr/share/man/man1/jcmd.1.gz jcmd.1.gz /usr/lib/jvm/java-7-openjdk-amd64/man/man1/jcmd.1.gz
update-alternatives 2018-09-28 22:59:14: link group jcmd updated to point to /usr/lib/jvm/java-7-openjdk-amd64/bin/jcmd
update-alternatives 2018-09-28 22:59:14: run with --install /usr/bin/jconsole jconsole /usr/lib/jvm/java-7-openjdk-amd64/bin/jconsole 1071 --slave /usr/share/man/man1/jconsole.1.gz jconsole.1.gz /usr/lib/jvm/java-7-openjdk-amd64/man/man1/jconsole.1.gz
update-alternatives 2018-09-28 22:59:14: link group jconsole updated to point to /usr/lib/jvm/java-7-openjdk-amd64/bin/jconsole
update-alternatives 2018-09-28 22:59:14: run with --install /usr/bin/jdb jdb /usr/lib/jvm/java-7-openjdk-amd64/bin/jdb 1071 --slave /usr/share/man/man1/jdb.1.gz jdb.1.gz /usr/lib/jvm/java-7-openjdk-amd64/man/man1/jdb.1.gz
update-alternatives 2018-09-28 22:59:14: link group jdb updated to point to /usr/lib/jvm/java-7-openjdk-amd64/bin/jdb
update-alternatives 2018-09-28 22:59:14: run with --install /usr/bin/jhat jhat /usr/lib/jvm/java-7-openjdk-amd64/bin/jhat 1071 --slave /usr/share/man/man1/jhat.1.gz jhat.1.gz /usr/lib/jvm/java-7-openjdk-amd64/man/man1/jhat.1.gz
update-alternatives 2018-09-28 22:59:14: link group jhat updated to point to /usr/lib/jvm/java-7-openjdk-amd64/bin/jhat
update-alternatives 2018-09-28 22:59:14: run with --install /usr/bin/jinfo jinfo /usr/lib/jvm/java-7-openjdk-amd64/bin/jinfo 1071 --slave /usr/share/man/man1/jinfo.1.gz jinfo.1.gz /usr/lib/jvm/java-7-openjdk-amd64/man/man1/jinfo.1.gz
update-alternatives 2018-09-28 22:59:14: link group jinfo updated to point to /usr/lib/jvm/java-7-openjdk-amd64/bin/jinfo
update-alternatives 2018-09-28 22:59:14: run with --install /usr/bin/jmap jmap /usr/lib/jvm/java-7-openjdk-amd64/bin/jmap 1071 --slave /usr/share/man/man1/jmap.1.gz jmap.1.gz /usr/lib/jvm/java-7-openjdk-amd64/man/man1/jmap.1.gz
update-alternatives 2018-09-28 22:59:14: link group jmap updated to point to /usr/lib/jvm/java-7-openjdk-amd64/bin/jmap
update-alternatives 2018-09-28 22:59:14: run with --install /usr/bin/jps jps /usr/lib/jvm/java-7-openjdk-amd64/bin/jps 1071 --slave /usr/share/man/man1/jps.1.gz jps.1.gz /usr/lib/jvm/java-7-openjdk-amd64/man/man1/jps.1.gz
update-alternatives 2018-09-28 22:59:14: link group jps updated to point to /usr/lib/jvm/java-7-openjdk-amd64/bin/jps
update-alternatives 2018-09-28 22:59:14: run with --install /usr/bin/jrunscript jrunscript /usr/lib/jvm/java-7-openjdk-amd64/bin/jrunscript 1071 --slave /usr/share/man/man1/jrunscript.1.gz jrunscript.1.gz /usr/lib/jvm/java-7-openjdk-amd64/man/man1/jrunscript.1.gz
update-alternatives 2018-09-28 22:59:14: link group jrunscript updated to point to /usr/lib/jvm/java-7-openjdk-amd64/bin/jrunscript
update-alternatives 2018-09-28 22:59:14: run with --install /usr/bin/jsadebugd jsadebugd /usr/lib/jvm/java-7-openjdk-amd64/bin/jsadebugd 1071 --slave /usr/share/man/man1/jsadebugd.1.gz jsadebugd.1.gz /usr/lib/jvm/java-7-openjdk-amd64/man/man1/jsadebugd.1.gz
update-alternatives 2018-09-28 22:59:14: link group jsadebugd updated to point to /usr/lib/jvm/java-7-openjdk-amd64/bin/jsadebugd
update-alternatives 2018-09-28 22:59:14: run with --install /usr/bin/jstack jstack /usr/lib/jvm/java-7-openjdk-amd64/bin/jstack 1071 --slave /usr/share/man/man1/jstack.1.gz jstack.1.gz /usr/lib/jvm/java-7-openjdk-amd64/man/man1/jstack.1.gz
update-alternatives 2018-09-28 22:59:14: link group jstack updated to point to /usr/lib/jvm/java-7-openjdk-amd64/bin/jstack
update-alternatives 2018-09-28 22:59:14: run with --install /usr/bin/jstat jstat /usr/lib/jvm/java-7-openjdk-amd64/bin/jstat 1071 --slave /usr/share/man/man1/jstat.1.gz jstat.1.gz /usr/lib/jvm/java-7-openjdk-amd64/man/man1/jstat.1.gz
update-alternatives 2018-09-28 22:59:14: link group jstat updated to point to /usr/lib/jvm/java-7-openjdk-amd64/bin/jstat
update-alternatives 2018-09-28 22:59:14: run with --install /usr/bin/jstatd jstatd /usr/lib/jvm/java-7-openjdk-amd64/bin/jstatd 1071 --slave /usr/share/man/man1/jstatd.1.gz jstatd.1.gz /usr/lib/jvm/java-7-openjdk-amd64/man/man1/jstatd.1.gz
update-alternatives 2018-09-28 22:59:14: link group jstatd updated to point to /usr/lib/jvm/java-7-openjdk-amd64/bin/jstatd
update-alternatives 2018-09-28 22:59:14: run with --install /usr/bin/native2ascii native2ascii /usr/lib/jvm/java-7-openjdk-amd64/bin/native2ascii 1071 --slave /usr/share/man/man1/native2ascii.1.gz native2ascii.1.gz /usr/lib/jvm/java-7-openjdk-amd64/man/man1/native2ascii.1.gz
update-alternatives 2018-09-28 22:59:14: link group native2ascii updated to point to /usr/lib/jvm/java-7-openjdk-amd64/bin/native2ascii
update-alternatives 2018-09-28 22:59:14: run with --install /usr/bin/rmic rmic /usr/lib/jvm/java-7-openjdk-amd64/bin/rmic 1071 --slave /usr/share/man/man1/rmic.1.gz rmic.1.gz /usr/lib/jvm/java-7-openjdk-amd64/man/man1/rmic.1.gz
update-alternatives 2018-09-28 22:59:14: link group rmic updated to point to /usr/lib/jvm/java-7-openjdk-amd64/bin/rmic
update-alternatives 2018-09-28 22:59:14: run with --install /usr/bin/schemagen schemagen /usr/lib/jvm/java-7-openjdk-amd64/bin/schemagen 1071 --slave /usr/share/man/man1/schemagen.1.gz schemagen.1.gz /usr/lib/jvm/java-7-openjdk-amd64/man/man1/schemagen.1.gz
update-alternatives 2018-09-28 22:59:14: link group schemagen updated to point to /usr/lib/jvm/java-7-openjdk-amd64/bin/schemagen
update-alternatives 2018-09-28 22:59:14: run with --install /usr/bin/serialver serialver /usr/lib/jvm/java-7-openjdk-amd64/bin/serialver 1071 --slave /usr/share/man/man1/serialver.1.gz serialver.1.gz /usr/lib/jvm/java-7-openjdk-amd64/man/man1/serialver.1.gz
update-alternatives 2018-09-28 22:59:14: link group serialver updated to point to /usr/lib/jvm/java-7-openjdk-amd64/bin/serialver
update-alternatives 2018-09-28 22:59:14: run with --install /usr/bin/wsgen wsgen /usr/lib/jvm/java-7-openjdk-amd64/bin/wsgen 1071 --slave /usr/share/man/man1/wsgen.1.gz wsgen.1.gz /usr/lib/jvm/java-7-openjdk-amd64/man/man1/wsgen.1.gz
update-alternatives 2018-09-28 22:59:14: link group wsgen updated to point to /usr/lib/jvm/java-7-openjdk-amd64/bin/wsgen
update-alternatives 2018-09-28 22:59:14: run with --install /usr/bin/wsimport wsimport /usr/lib/jvm/java-7-openjdk-amd64/bin/wsimport 1071 --slave /usr/share/man/man1/wsimport.1.gz wsimport.1.gz /usr/lib/jvm/java-7-openjdk-amd64/man/man1/wsimport.1.gz
update-alternatives 2018-09-28 22:59:14: link group wsimport updated to point to /usr/lib/jvm/java-7-openjdk-amd64/bin/wsimport
update-alternatives 2018-09-28 22:59:14: run with --install /usr/bin/xjc xjc /usr/lib/jvm/java-7-openjdk-amd64/bin/xjc 1071 --slave /usr/share/man/man1/xjc.1.gz xjc.1.gz /usr/lib/jvm/java-7-openjdk-amd64/man/man1/xjc.1.gz
update-alternatives 2018-09-28 22:59:14: link group xjc updated to point to /usr/lib/jvm/java-7-openjdk-amd64/bin/xjc
update-alternatives 2018-09-28 22:59:14: run with --install /usr/bin/traceroute traceroute /usr/bin/traceroute.db 100 --slave /usr/sbin/traceroute traceroute.sbin /usr/bin/traceroute.db --slave /usr/share/man/man1/traceroute.1.gz traceroute.1.gz /usr/share/man/man1/traceroute.db.1.gz
update-alternatives 2018-09-28 22:59:14: link group traceroute updated to point to /usr/bin/traceroute.db
update-alternatives 2018-09-28 22:59:14: run with --install /usr/bin/traceroute6 traceroute6 /usr/bin/traceroute6.db 100 --slave /usr/share/man/man1/traceroute6.1.gz traceroute6.1.gz /usr/share/man/man1/traceroute6.db.1.gz
update-alternatives 2018-09-28 22:59:14: link group traceroute6 updated to point to /usr/bin/traceroute6.db
update-alternatives 2018-09-28 22:59:14: run with --install /usr/bin/lft lft /usr/bin/lft.db 100 --slave /usr/share/man/man1/lft.1.gz lft.1.gz /usr/share/man/man1/lft.db.1.gz
update-alternatives 2018-09-28 22:59:14: link group lft updated to point to /usr/bin/lft.db
update-alternatives 2018-09-28 22:59:14: run with --install /usr/bin/traceproto traceproto /usr/bin/traceproto.db 100 --slave /usr/share/man/man1/traceproto.1.gz traceproto.1.gz /usr/share/man/man1/traceproto.db.1.gz
update-alternatives 2018-09-28 22:59:14: link group traceproto updated to point to /usr/bin/traceproto.db
update-alternatives 2018-09-28 22:59:14: run with --install /usr/sbin/tcptraceroute tcptraceroute /usr/sbin/tcptraceroute.db 100 --slave /usr/share/man/man8/tcptraceroute.8.gz tcptraceroute.8.gz /usr/share/man/man8/tcptraceroute.db.8.gz
update-alternatives 2018-09-28 22:59:14: link group tcptraceroute updated to point to /usr/sbin/tcptraceroute.db
update-alternatives 2018-09-28 22:59:15: run with --install /usr/bin/clang clang /usr/bin/clang-3.8 380 --slave /usr/bin/clang++ clang++ /usr/bin/clang++-3.8 --slave /usr/bin/clang-check clang-check /usr/bin/clang-check-3.8 --slave /usr/bin/clang-query clang-query /usr/bin/clang-query-3.8 --slave /usr/bin/clang-rename clang-rename /usr/bin/clang-rename-3.8
update-alternatives 2018-09-28 22:59:15: link group clang updated to point to /usr/bin/clang-3.8
update-alternatives 2019-02-07 14:13:28: run with --install /usr/bin/clang clang /usr/bin/clang-3.8 380 --slave /usr/bin/clang++ clang++ /usr/bin/clang++-3.8 --slave /usr/bin/clang-check clang-check /usr/bin/clang-check-3.8 --slave /usr/bin/clang-query clang-query /usr/bin/clang-query-3.8 --slave /usr/bin/clang-rename clang-rename /usr/bin/clang-rename-3.8
update-alternatives 2019-02-28 14:11:39: run with --install /usr/bin/clang clang /usr/bin/clang-3.8 380 --slave /usr/bin/clang++ clang++ /usr/bin/clang++-3.8 --slave /usr/bin/clang-check clang-check /usr/bin/clang-check-3.8 --slave /usr/bin/clang-query clang-query /usr/bin/clang-query-3.8 --slave /usr/bin/clang-rename clang-rename /usr/bin/clang-rename-3.8
update-alternatives 2019-03-12 15:25:50: run with --install /usr/bin/clang clang /usr/bin/clang-3.8 380 --slave /usr/bin/clang++ clang++ /usr/bin/clang++-3.8 --slave /usr/bin/clang-check clang-check /usr/bin/clang-check-3.8 --slave /usr/bin/clang-query clang-query /usr/bin/clang-query-3.8 --slave /usr/bin/clang-rename clang-rename /usr/bin/clang-rename-3.8
update-alternatives 2019-03-21 14:05:42: run with --install /usr/bin/clang clang /usr/bin/clang-3.8 380 --slave /usr/bin/clang++ clang++ /usr/bin/clang++-3.8 --slave /usr/bin/clang-check clang-check /usr/bin/clang-check-3.8 --slave /usr/bin/clang-query clang-query /usr/bin/clang-query-3.8 --slave /usr/bin/clang-rename clang-rename /usr/bin/clang-rename-3.8
update-alternatives 2019-03-28 12:32:48: run with --install /usr/bin/clang clang /usr/bin/clang-3.8 380 --slave /usr/bin/clang++ clang++ /usr/bin/clang++-3.8 --slave /usr/bin/clang-check clang-check /usr/bin/clang-check-3.8 --slave /usr/bin/clang-query clang-query /usr/bin/clang-query-3.8 --slave /usr/bin/clang-rename clang-rename /usr/bin/clang-rename-3.8
update-alternatives 2019-04-11 12:36:13: run with --install /usr/bin/clang clang /usr/bin/clang-3.8 380 --slave /usr/bin/clang++ clang++ /usr/bin/clang++-3.8 --slave /usr/bin/clang-check clang-check /usr/bin/clang-check-3.8 --slave /usr/bin/clang-query clang-query /usr/bin/clang-query-3.8 --slave /usr/bin/clang-rename clang-rename /usr/bin/clang-rename-3.8
update-alternatives 2019-04-18 13:56:59: run with --install /usr/bin/clang clang /usr/bin/clang-3.8 380 --slave /usr/bin/clang++ clang++ /usr/bin/clang++-3.8 --slave /usr/bin/clang-check clang-check /usr/bin/clang-check-3.8 --slave /usr/bin/clang-query clang-query /usr/bin/clang-query-3.8 --slave /usr/bin/clang-rename clang-rename /usr/bin/clang-rename-3.8
update-alternatives 2019-05-02 12:15:12: run with --install /usr/bin/clang clang /usr/bin/clang-3.8 380 --slave /usr/bin/clang++ clang++ /usr/bin/clang++-3.8 --slave /usr/bin/clang-check clang-check /usr/bin/clang-check-3.8 --slave /usr/bin/clang-query clang-query /usr/bin/clang-query-3.8 --slave /usr/bin/clang-rename clang-rename /usr/bin/clang-rename-3.8
update-alternatives 2019-06-18 11:16:27: run with --install /usr/bin/clang clang /usr/bin/clang-3.8 380 --slave /usr/bin/clang++ clang++ /usr/bin/clang++-3.8 --slave /usr/bin/clang-check clang-check /usr/bin/clang-check-3.8 --slave /usr/bin/clang-query clang-query /usr/bin/clang-query-3.8 --slave /usr/bin/clang-rename clang-rename /usr/bin/clang-rename-3.8
