170831 12:47:54 [Warning] Using unique option prefix myisam-recover instead of myisam-recover-options is deprecated and will be removed in a future release. Please use the full name instead.
170831 12:47:54 [Note] Plugin 'FEDERATED' is disabled.
170831 12:47:54 InnoDB: The InnoDB memory heap is disabled
170831 12:47:54 InnoDB: Mutexes and rw_locks use GCC atomic builtins
170831 12:47:54 InnoDB: Compressed tables use zlib 1.2.8
170831 12:47:54 InnoDB: Using Linux native AIO
170831 12:47:54 InnoDB: Initializing buffer pool, size = 128.0M
170831 12:47:54 InnoDB: Completed initialization of buffer pool
InnoDB: The first specified data file ./ibdata1 did not exist:
InnoDB: a new database to be created!
170831 12:47:54  InnoDB: Setting file ./ibdata1 size to 10 MB
InnoDB: Database physically writes the file full: wait...
170831 12:47:54  InnoDB: Log file ./ib_logfile0 did not exist: new to be created
InnoDB: Setting log file ./ib_logfile0 size to 5 MB
InnoDB: Database physically writes the file full: wait...
170831 12:47:54  InnoDB: Log file ./ib_logfile1 did not exist: new to be created
InnoDB: Setting log file ./ib_logfile1 size to 5 MB
InnoDB: Database physically writes the file full: wait...
InnoDB: Doublewrite buffer not found: creating new
InnoDB: Doublewrite buffer created
InnoDB: 127 rollback segment(s) active.
InnoDB: Creating foreign key constraint system tables
InnoDB: Foreign key constraint system tables created
170831 12:47:55  InnoDB: Waiting for the background threads to start
170831 12:47:56 InnoDB: 5.5.57 started; log sequence number 0
170831 12:47:56  InnoDB: Starting shutdown...
170831 12:47:56  InnoDB: Shutdown completed; log sequence number 1595675
170831 12:47:56 [Warning] Using unique option prefix myisam-recover instead of myisam-recover-options is deprecated and will be removed in a future release. Please use the full name instead.
170831 12:47:56 [Note] Plugin 'FEDERATED' is disabled.
170831 12:47:56 InnoDB: The InnoDB memory heap is disabled
170831 12:47:56 InnoDB: Mutexes and rw_locks use GCC atomic builtins
170831 12:47:56 InnoDB: Compressed tables use zlib 1.2.8
170831 12:47:56 InnoDB: Using Linux native AIO
170831 12:47:56 InnoDB: Initializing buffer pool, size = 128.0M
170831 12:47:56 InnoDB: Completed initialization of buffer pool
170831 12:47:56 InnoDB: highest supported file format is Barracuda.
170831 12:47:57  InnoDB: Waiting for the background threads to start
170831 12:47:58 InnoDB: 5.5.57 started; log sequence number 1595675
ERROR: 1064  You have an error in your SQL syntax; check the manual that corresponds to your MySQL server version for the right syntax to use near 'ALTER TABLE user ADD column Show_view_priv enum('N','Y') CHARACTER SET utf8 NOT ' at line 1
170831 12:47:58 [ERROR] Aborting

170831 12:47:58  InnoDB: Starting shutdown...
170831 12:47:58  InnoDB: Shutdown completed; log sequence number 1595675
170831 12:47:58 [Note] /usr/sbin/mysqld: Shutdown complete

170831 12:47:58 [Warning] Using unique option prefix myisam-recover instead of myisam-recover-options is deprecated and will be removed in a future release. Please use the full name instead.
170831 12:47:58 [Note] Plugin 'FEDERATED' is disabled.
170831 12:47:58 InnoDB: The InnoDB memory heap is disabled
170831 12:47:58 InnoDB: Mutexes and rw_locks use GCC atomic builtins
170831 12:47:58 InnoDB: Compressed tables use zlib 1.2.8
170831 12:47:58 InnoDB: Using Linux native AIO
170831 12:47:58 InnoDB: Initializing buffer pool, size = 128.0M
170831 12:47:58 InnoDB: Completed initialization of buffer pool
170831 12:47:58 InnoDB: highest supported file format is Barracuda.
170831 12:47:58  InnoDB: Waiting for the background threads to start
170831 12:47:59 InnoDB: 5.5.57 started; log sequence number 1595675
170831 12:47:59  InnoDB: Starting shutdown...
170831 12:48:00  InnoDB: Shutdown completed; log sequence number 1595675
170831 12:48:00 [Warning] Using unique option prefix myisam-recover instead of myisam-recover-options is deprecated and will be removed in a future release. Please use the full name instead.
170831 12:48:00 [Note] Plugin 'FEDERATED' is disabled.
170831 12:48:00 InnoDB: The InnoDB memory heap is disabled
170831 12:48:00 InnoDB: Mutexes and rw_locks use GCC atomic builtins
170831 12:48:00 InnoDB: Compressed tables use zlib 1.2.8
170831 12:48:00 InnoDB: Using Linux native AIO
170831 12:48:00 InnoDB: Initializing buffer pool, size = 128.0M
170831 12:48:00 InnoDB: Completed initialization of buffer pool
170831 12:48:00 InnoDB: highest supported file format is Barracuda.
170831 12:48:00  InnoDB: Waiting for the background threads to start
170831 12:48:01 InnoDB: 5.5.57 started; log sequence number 1595675
ERROR: 1050  Table 'plugin' already exists
170831 12:48:01 [ERROR] Aborting

170831 12:48:01  InnoDB: Starting shutdown...
170831 12:48:02  InnoDB: Shutdown completed; log sequence number 1595675
170831 12:48:02 [Note] /usr/sbin/mysqld: Shutdown complete

170831 12:56:20 [Warning] Using unique option prefix myisam-recover instead of myisam-recover-options is deprecated and will be removed in a future release. Please use the full name instead.
170831 12:56:20 [Note] Plugin 'FEDERATED' is disabled.
170831 12:56:20 InnoDB: The InnoDB memory heap is disabled
170831 12:56:20 InnoDB: Mutexes and rw_locks use GCC atomic builtins
170831 12:56:20 InnoDB: Compressed tables use zlib 1.2.8
170831 12:56:20 InnoDB: Initializing buffer pool, size = 128.0M
170831 12:56:20 InnoDB: Completed initialization of buffer pool
170831 12:56:20 InnoDB: highest supported file format is Barracuda.
170831 12:56:20  InnoDB: Waiting for the background threads to start
170831 12:56:21 InnoDB: 5.5.57 started; log sequence number 1595675
170831 12:56:21 [Note] Server hostname (bind-address): '127.0.0.1'; port: 3306
170831 12:56:21 [Note]   - '127.0.0.1' resolves to '127.0.0.1';
170831 12:56:21 [Note] Server socket created on IP: '127.0.0.1'.
170831 12:56:21 [Note] Event Scheduler: Loaded 0 events
170831 12:56:21 [Note] /usr/sbin/mysqld: ready for connections.
Version: '5.5.57-0ubuntu0.14.04.1'  socket: '/var/run/mysqld/mysqld.sock'  port: 3306  (Ubuntu)
190207 14:13:28 [Warning] Using unique option prefix myisam-recover instead of myisam-recover-options is deprecated and will be removed in a future release. Please use the full name instead.
190207 14:13:29 [Note] Plugin 'FEDERATED' is disabled.
190207 14:13:29 InnoDB: The InnoDB memory heap is disabled
190207 14:13:29 InnoDB: Mutexes and rw_locks use GCC atomic builtins
190207 14:13:29 InnoDB: Compressed tables use zlib 1.2.8
190207 14:13:29 InnoDB: Initializing buffer pool, size = 128.0M
190207 14:13:29 InnoDB: Completed initialization of buffer pool
190207 14:13:29 InnoDB: highest supported file format is Barracuda.
InnoDB: The log sequence number in ibdata files does not match
InnoDB: the log sequence number in the ib_logfiles!
190207 14:13:29  InnoDB: Database was not shut down normally!
InnoDB: Starting crash recovery.
InnoDB: Reading tablespace information from the .ibd files...
InnoDB: Restoring possible half-written data pages from the doublewrite
InnoDB: buffer...
190207 14:13:29  InnoDB: Waiting for the background threads to start
190207 14:13:30 InnoDB: 5.5.57 started; log sequence number 1595685
190207 14:13:30 [Note] /usr/sbin/mysqld: ready for connections.
Version: '5.5.57-0ubuntu0.14.04.1'  socket: '/var/run/mysqld/mysqld.sock'  port: 0  (Ubuntu)
190207 14:13:30 [ERROR] /usr/sbin/mysqld: Table './mysql/user' is marked as crashed and should be repaired
190207 14:13:30 [Warning] Checking table:   './mysql/user'
190207 14:13:30 [ERROR] /usr/sbin/mysqld: Table './mysql/db' is marked as crashed and should be repaired
190207 14:13:30 [Warning] Checking table:   './mysql/db'
190207 14:13:30 [ERROR] /usr/sbin/mysqld: Table './mysql/proc' is marked as crashed and should be repaired
190207 14:13:30 [Warning] Checking table:   './mysql/proc'
190207 14:13:31 [Note] /usr/sbin/mysqld: Normal shutdown

190207 14:13:31  InnoDB: Starting shutdown...
190207 14:13:32  InnoDB: Shutdown completed; log sequence number 1595685
190207 14:13:32 [Note] /usr/sbin/mysqld: Shutdown complete

190207 14:13:33 [Warning] Using unique option prefix myisam-recover instead of myisam-recover-options is deprecated and will be removed in a future release. Please use the full name instead.
190207 14:13:33 [Note] Plugin 'FEDERATED' is disabled.
190207 14:13:33 InnoDB: The InnoDB memory heap is disabled
190207 14:13:33 InnoDB: Mutexes and rw_locks use GCC atomic builtins
190207 14:13:33 InnoDB: Compressed tables use zlib 1.2.8
190207 14:13:33 InnoDB: Initializing buffer pool, size = 128.0M
190207 14:13:33 InnoDB: Completed initialization of buffer pool
190207 14:13:33 InnoDB: highest supported file format is Barracuda.
190207 14:13:33  InnoDB: Waiting for the background threads to start
190207 14:13:34 InnoDB: 5.5.57 started; log sequence number 1595685
190207 14:13:34 [Note] Server hostname (bind-address): '127.0.0.1'; port: 3306
190207 14:13:34 [Note]   - '127.0.0.1' resolves to '127.0.0.1';
190207 14:13:34 [Note] Server socket created on IP: '127.0.0.1'.
190207 14:13:34 [Note] Event Scheduler: Loaded 0 events
190207 14:13:34 [Note] /usr/sbin/mysqld: ready for connections.
Version: '5.5.57-0ubuntu0.14.04.1'  socket: '/var/run/mysqld/mysqld.sock'  port: 3306  (Ubuntu)
190207 14:13:35 [Note] /usr/sbin/mysqld: Normal shutdown

190207 14:13:35 [Note] Event Scheduler: Purging the queue. 0 events
190207 14:13:35  InnoDB: Starting shutdown...
190207 14:13:36  InnoDB: Shutdown completed; log sequence number 1638147
190207 14:13:36 [Note] /usr/sbin/mysqld: Shutdown complete

190207 14:13:37 [Warning] Using unique option prefix myisam-recover instead of myisam-recover-options is deprecated and will be removed in a future release. Please use the full name instead.
190207 14:13:37 [Note] Plugin 'FEDERATED' is disabled.
190207 14:13:37 InnoDB: The InnoDB memory heap is disabled
190207 14:13:37 InnoDB: Mutexes and rw_locks use GCC atomic builtins
190207 14:13:37 InnoDB: Compressed tables use zlib 1.2.8
190207 14:13:37 InnoDB: Initializing buffer pool, size = 128.0M
190207 14:13:37 InnoDB: Completed initialization of buffer pool
190207 14:13:37 InnoDB: highest supported file format is Barracuda.
190207 14:13:37  InnoDB: Waiting for the background threads to start
190207 14:13:38 InnoDB: 5.5.57 started; log sequence number 1638147
190207 14:13:38 [Note] Server hostname (bind-address): '127.0.0.1'; port: 3306
190207 14:13:38 [Note]   - '127.0.0.1' resolves to '127.0.0.1';
190207 14:13:38 [Note] Server socket created on IP: '127.0.0.1'.
190207 14:13:38 [Note] Event Scheduler: Loaded 0 events
190207 14:13:38 [Note] /usr/sbin/mysqld: ready for connections.
Version: '5.5.57-0ubuntu0.14.04.1'  socket: '/var/run/mysqld/mysqld.sock'  port: 3306  (Ubuntu)

Status information:

Current dir: /var/lib/mysql/
Running threads: 1  Stack size: 196608
Current locks:
lock: 0x7f348c00e610:

lock: 0x55c0a16c3ed0:

lock: 0x55c0a168c7b0:

lock: 0x55c0a1681ba0:

lock: 0x55c0a1667310:

lock: 0x55c0a16743b0:

lock: 0x55c0a165e180:

lock: 0x55c0a1658d80:

lock: 0x55c0a1652850:

lock: 0x55c0a164a3c0:

lock: 0x55c09fd4cfc0:

lock: 0x55c09fd4d500:

lock: 0x55c09fd4d5c0:

lock: 0x55c09fd4d680:

lock: 0x55c09fd4d080:

lock: 0x55c09fd4d140:

lock: 0x55c09fd4cf00:

lock: 0x55c09fd4cd80:

lock: 0x55c09fd4ce40:

lock: 0x55c09fd4d740:

lock: 0x55c09fd4d200:

lock: 0x55c09fd4d440:

lock: 0x55c09fd4d380:

lock: 0x55c09fd4d2c0:

lock: 0x55c09fd4cb40:

lock: 0x55c09fd4cc00:

lock: 0x55c09fd4ccc0:


Key caches:
default
Buffer_size:      16777216
Block_size:           1024
Division_limit:        100
Age_limit:             300
blocks used:             0
not flushed:             0
w_requests:              0
writes:                  0
r_requests:              0
reads:                   0


handler status:
read_key:            0
read_next:           0
read_rnd             0
read_first:          3
write:             901
delete               0
update:              0

Table status:
Opened tables:         33
Open tables:           26
Open files:            20
Open streams:           0

Alarm status:
Active alarms:   0
Max used alarms: 0
Next alarm time: 0

Memory status:
Non-mmapped space allocated from system: 11984896
Number of free chunks:			 41
Number of fastbin blocks:		 1
Number of mmapped regions:		 18
Space in mmapped regions:		 66457600
Maximum total allocated space:		 0
Space available in freed fastbin blocks: 112
Total allocated space:			 8869696
Total free space:			 3115200
Top-most, releasable space:		 1771584
Estimated memory (with thread stack):    78639104



Events status:
LLA = Last Locked At  LUA = Last Unlocked At
WOC = Waiting On Condition  DL = Data Locked

Event scheduler status:
State      : INITIALIZED
Thread id  : 0
LLA        : n/a:0
LUA        : n/a:0
WOC        : NO
Workers    : 0
Executed   : 0
Data locked: NO

Event queue status:
Element count   : 0
Data locked     : NO
Attempting lock : NO
LLA             : init_queue:139
LUA             : init_queue:149
WOC             : NO
Next activation : never
190228 14:11:40 [Warning] Using unique option prefix myisam-recover instead of myisam-recover-options is deprecated and will be removed in a future release. Please use the full name instead.
190228 14:11:40 [Note] Plugin 'FEDERATED' is disabled.
190228 14:11:40 InnoDB: The InnoDB memory heap is disabled
190228 14:11:40 InnoDB: Mutexes and rw_locks use GCC atomic builtins
190228 14:11:40 InnoDB: Compressed tables use zlib 1.2.8
190228 14:11:40 InnoDB: Initializing buffer pool, size = 128.0M
190228 14:11:40 InnoDB: Completed initialization of buffer pool
190228 14:11:40 InnoDB: highest supported file format is Barracuda.
190228 14:11:40  InnoDB: Waiting for the background threads to start
190228 14:11:41 InnoDB: 5.5.57 started; log sequence number 1638147
190228 14:11:41 [Note] /usr/sbin/mysqld: ready for connections.
Version: '5.5.57-0ubuntu0.14.04.1'  socket: '/var/run/mysqld/mysqld.sock'  port: 0  (Ubuntu)
190228 14:11:43 [Note] /usr/sbin/mysqld: Normal shutdown

190228 14:11:43  InnoDB: Starting shutdown...
190228 14:11:44  InnoDB: Shutdown completed; log sequence number 1638147
190228 14:11:44 [Note] /usr/sbin/mysqld: Shutdown complete

190228 14:11:45 [Warning] Using unique option prefix myisam-recover instead of myisam-recover-options is deprecated and will be removed in a future release. Please use the full name instead.
190228 14:11:45 [Note] Plugin 'FEDERATED' is disabled.
190228 14:11:45 InnoDB: The InnoDB memory heap is disabled
190228 14:11:45 InnoDB: Mutexes and rw_locks use GCC atomic builtins
190228 14:11:45 InnoDB: Compressed tables use zlib 1.2.8
190228 14:11:45 InnoDB: Initializing buffer pool, size = 128.0M
190228 14:11:45 InnoDB: Completed initialization of buffer pool
190228 14:11:45 InnoDB: highest supported file format is Barracuda.
190228 14:11:45  InnoDB: Waiting for the background threads to start
190228 14:11:46 InnoDB: 5.5.57 started; log sequence number 1638147
190228 14:11:46 [Note] Server hostname (bind-address): '127.0.0.1'; port: 3306
190228 14:11:46 [Note]   - '127.0.0.1' resolves to '127.0.0.1';
190228 14:11:46 [Note] Server socket created on IP: '127.0.0.1'.
190228 14:11:46 [Note] Event Scheduler: Loaded 0 events
190228 14:11:46 [Note] /usr/sbin/mysqld: ready for connections.
Version: '5.5.57-0ubuntu0.14.04.1'  socket: '/var/run/mysqld/mysqld.sock'  port: 3306  (Ubuntu)

Status information:

Current dir: /var/lib/mysql/
Running threads: 1  Stack size: 196608
Current locks:
lock: 0x7f06ac17fde0:

lock: 0x7f06ac145270:

lock: 0x7f06ac00a210:

lock: 0x7f06ac011870:

lock: 0x5633021ffed0:

lock: 0x5633021c87b0:

lock: 0x5633021bdba0:

lock: 0x5633021a3310:

lock: 0x5633021b03b0:

lock: 0x56330219a180:

lock: 0x563302194d80:

lock: 0x56330218e850:

lock: 0x5633021863c0:

lock: 0x56330056bfc0:

lock: 0x56330056c500:

lock: 0x56330056c5c0:

lock: 0x56330056c680:

lock: 0x56330056c080:

lock: 0x56330056c140:

lock: 0x56330056bf00:

lock: 0x56330056bd80:

lock: 0x56330056be40:

lock: 0x56330056c740:

lock: 0x56330056c200:

lock: 0x56330056c440:

lock: 0x56330056c380:

lock: 0x56330056c2c0:

lock: 0x56330056bb40:

lock: 0x56330056bc00:

lock: 0x56330056bcc0:


Key caches:
default
Buffer_size:      16777216
Block_size:           1024
Division_limit:        100
Age_limit:             300
blocks used:             0
not flushed:             0
w_requests:              0
writes:                  0
r_requests:              0
reads:                   0


handler status:
read_key:            0
read_next:           0
read_rnd             0
read_first:          4
write:            1082
delete               0
update:              0

Table status:
Opened tables:         35
Open tables:           28
Open files:            25
Open streams:           0

Alarm status:
Active alarms:   0
Max used alarms: 0
Next alarm time: 0

Memory status:
Non-mmapped space allocated from system: 11984896
Number of free chunks:			 36
Number of fastbin blocks:		 0
Number of mmapped regions:		 18
Space in mmapped regions:		 66457600
Maximum total allocated space:		 0
Space available in freed fastbin blocks: 0
Total allocated space:			 8910784
Total free space:			 3074112
Top-most, releasable space:		 1771584
Estimated memory (with thread stack):    78639104



Events status:
LLA = Last Locked At  LUA = Last Unlocked At
WOC = Waiting On Condition  DL = Data Locked

Event scheduler status:
State      : INITIALIZED
Thread id  : 0
LLA        : n/a:0
LUA        : n/a:0
WOC        : NO
Workers    : 0
Executed   : 0
Data locked: NO

Event queue status:
Element count   : 0
Data locked     : NO
Attempting lock : NO
LLA             : init_queue:139
LUA             : init_queue:149
WOC             : NO
Next activation : never
190312 15:25:50 [Warning] Using unique option prefix myisam-recover instead of myisam-recover-options is deprecated and will be removed in a future release. Please use the full name instead.
190312 15:25:50 [Note] Plugin 'FEDERATED' is disabled.
190312 15:25:50 InnoDB: The InnoDB memory heap is disabled
190312 15:25:50 InnoDB: Mutexes and rw_locks use GCC atomic builtins
190312 15:25:50 InnoDB: Compressed tables use zlib 1.2.8
190312 15:25:50 InnoDB: Initializing buffer pool, size = 128.0M
190312 15:25:50 InnoDB: Completed initialization of buffer pool
190312 15:25:50 InnoDB: highest supported file format is Barracuda.
190312 15:25:50  InnoDB: Waiting for the background threads to start
190312 15:25:51 InnoDB: 5.5.57 started; log sequence number 1638147
190312 15:25:52 [Note] /usr/sbin/mysqld: ready for connections.
Version: '5.5.57-0ubuntu0.14.04.1'  socket: '/var/run/mysqld/mysqld.sock'  port: 0  (Ubuntu)
190312 15:25:53 [Note] /usr/sbin/mysqld: Normal shutdown

190312 15:25:53  InnoDB: Starting shutdown...
190312 15:25:54  InnoDB: Shutdown completed; log sequence number 1638147
190312 15:25:54 [Note] /usr/sbin/mysqld: Shutdown complete

190312 15:25:56 [Warning] Using unique option prefix myisam-recover instead of myisam-recover-options is deprecated and will be removed in a future release. Please use the full name instead.
190312 15:25:56 [Note] Plugin 'FEDERATED' is disabled.
190312 15:25:56 InnoDB: The InnoDB memory heap is disabled
190312 15:25:56 InnoDB: Mutexes and rw_locks use GCC atomic builtins
190312 15:25:56 InnoDB: Compressed tables use zlib 1.2.8
190312 15:25:56 InnoDB: Initializing buffer pool, size = 128.0M
190312 15:25:56 InnoDB: Completed initialization of buffer pool
190312 15:25:56 InnoDB: highest supported file format is Barracuda.
190312 15:25:56  InnoDB: Waiting for the background threads to start
190312 15:25:57 InnoDB: 5.5.57 started; log sequence number 1638147
190312 15:25:57 [Note] Server hostname (bind-address): '127.0.0.1'; port: 3306
190312 15:25:57 [Note]   - '127.0.0.1' resolves to '127.0.0.1';
190312 15:25:57 [Note] Server socket created on IP: '127.0.0.1'.
190312 15:25:57 [Note] Event Scheduler: Loaded 0 events
190312 15:25:57 [Note] /usr/sbin/mysqld: ready for connections.
Version: '5.5.57-0ubuntu0.14.04.1'  socket: '/var/run/mysqld/mysqld.sock'  port: 3306  (Ubuntu)

Status information:

Current dir: /var/lib/mysql/
Running threads: 1  Stack size: 196608
Current locks:
lock: 0x7f66e403c880:

lock: 0x7f66e403a320:

lock: 0x7f66e4037b30:

lock: 0x7f66e40356c0:

lock: 0x7f66e4033690:

lock: 0x7f66e4032500:

lock: 0x7f66e4022d30:

lock: 0x7f66e4020780:

lock: 0x7f66e401d980:

lock: 0x7f66e401b120:

lock: 0x7f66e4183cc0:

lock: 0x7f66e4181340:

lock: 0x7f66e417fde0:

lock: 0x7f66e4145270:

lock: 0x7f66e400a210:

lock: 0x7f66e4011870:

lock: 0x55fee7735050:

lock: 0x55fee76fd930:

lock: 0x55fee76f2d20:

lock: 0x55fee76d8490:

lock: 0x55fee76e5530:

lock: 0x55fee76cf300:

lock: 0x55fee76c9f00:

lock: 0x55fee76c39d0:

lock: 0x55fee76bb540:

lock: 0x55fee501ffc0:

lock: 0x55fee5020500:

lock: 0x55fee50205c0:

lock: 0x55fee5020680:

lock: 0x55fee5020080:

lock: 0x55fee5020140:

lock: 0x55fee501ff00:

lock: 0x55fee501fd80:

lock: 0x55fee501fe40:

lock: 0x55fee5020740:

lock: 0x55fee5020200:

lock: 0x55fee5020440:

lock: 0x55fee5020380:

lock: 0x55fee50202c0:

lock: 0x55fee501fb40:

lock: 0x55fee501fc00:

lock: 0x55fee501fcc0:


Key caches:
default
Buffer_size:      16777216
Block_size:           1024
Division_limit:        100
Age_limit:             300
blocks used:             0
not flushed:             0
w_requests:              0
writes:                  0
r_requests:              0
reads:                   0


handler status:
read_key:            0
read_next:           0
read_rnd             0
read_first:          4
write:            1102
delete               0
update:              0

Table status:
Opened tables:         48
Open tables:           41
Open files:            50
Open streams:           0

Alarm status:
Active alarms:   0
Max used alarms: 0
Next alarm time: 0

Memory status:
Non-mmapped space allocated from system: 11984896
Number of free chunks:			 29
Number of fastbin blocks:		 1
Number of mmapped regions:		 18
Space in mmapped regions:		 66457600
Maximum total allocated space:		 0
Space available in freed fastbin blocks: 80
Total allocated space:			 9080560
Total free space:			 2904336
Top-most, releasable space:		 1771200
Estimated memory (with thread stack):    78639104



Events status:
LLA = Last Locked At  LUA = Last Unlocked At
WOC = Waiting On Condition  DL = Data Locked

Event scheduler status:
State      : INITIALIZED
Thread id  : 0
LLA        : n/a:0
LUA        : n/a:0
WOC        : NO
Workers    : 0
Executed   : 0
Data locked: NO

Event queue status:
Element count   : 0
Data locked     : NO
Attempting lock : NO
LLA             : init_queue:139
LUA             : init_queue:149
WOC             : NO
Next activation : never
190321 14:05:44 [Warning] Using unique option prefix myisam-recover instead of myisam-recover-options is deprecated and will be removed in a future release. Please use the full name instead.
190321 14:05:44 [Note] Plugin 'FEDERATED' is disabled.
190321 14:05:44 InnoDB: The InnoDB memory heap is disabled
190321 14:05:44 InnoDB: Mutexes and rw_locks use GCC atomic builtins
190321 14:05:44 InnoDB: Compressed tables use zlib 1.2.8
190321 14:05:44 InnoDB: Initializing buffer pool, size = 128.0M
190321 14:05:44 InnoDB: Completed initialization of buffer pool
190321 14:05:45 InnoDB: highest supported file format is Barracuda.
190321 14:05:45  InnoDB: Waiting for the background threads to start
190321 14:05:46 InnoDB: 5.5.57 started; log sequence number 1638147
190321 14:05:46 [Note] /usr/sbin/mysqld: ready for connections.
Version: '5.5.57-0ubuntu0.14.04.1'  socket: '/var/run/mysqld/mysqld.sock'  port: 0  (Ubuntu)
190321 14:05:48 [Note] /usr/sbin/mysqld: Normal shutdown

190321 14:05:48  InnoDB: Starting shutdown...
190321 14:05:49  InnoDB: Shutdown completed; log sequence number 1638147
190321 14:05:49 [Note] /usr/sbin/mysqld: Shutdown complete

190321 14:05:51 [Warning] Using unique option prefix myisam-recover instead of myisam-recover-options is deprecated and will be removed in a future release. Please use the full name instead.
190321 14:05:51 [Note] Plugin 'FEDERATED' is disabled.
190321 14:05:51 InnoDB: The InnoDB memory heap is disabled
190321 14:05:51 InnoDB: Mutexes and rw_locks use GCC atomic builtins
190321 14:05:51 InnoDB: Compressed tables use zlib 1.2.8
190321 14:05:51 InnoDB: Initializing buffer pool, size = 128.0M
190321 14:05:51 InnoDB: Completed initialization of buffer pool
190321 14:05:51 InnoDB: highest supported file format is Barracuda.
190321 14:05:51 InnoDB: 5.5.57 started; log sequence number 1638147
190321 14:05:51 [Note] Server hostname (bind-address): '127.0.0.1'; port: 3306
190321 14:05:51 [Note]   - '127.0.0.1' resolves to '127.0.0.1';
190321 14:05:51 [Note] Server socket created on IP: '127.0.0.1'.
190321 14:05:51 [Note] Event Scheduler: Loaded 0 events
190321 14:05:51 [Note] /usr/sbin/mysqld: ready for connections.
Version: '5.5.57-0ubuntu0.14.04.1'  socket: '/var/run/mysqld/mysqld.sock'  port: 3306  (Ubuntu)

Status information:

Current dir: /var/lib/mysql/
Running threads: 0  Stack size: 196608
Current locks:
lock: 0x563254529050:

lock: 0x5632544f1930:

lock: 0x5632544e6d20:

lock: 0x5632544cc490:

lock: 0x5632544d9530:

lock: 0x5632544c3300:

lock: 0x5632544bdf00:

lock: 0x5632544b79d0:

lock: 0x5632544af540:

lock: 0x563253441fc0:

lock: 0x563253442500:

lock: 0x5632534425c0:

lock: 0x563253442680:

lock: 0x563253442080:

lock: 0x563253442140:

lock: 0x563253441f00:

lock: 0x563253441d80:

lock: 0x563253441e40:

lock: 0x563253442740:

lock: 0x563253442200:

lock: 0x563253442440:

lock: 0x563253442380:

lock: 0x5632534422c0:

lock: 0x563253441b40:

lock: 0x563253441c00:

lock: 0x563253441cc0:


Key caches:
default
Buffer_size:      16777216
Block_size:           1024
Division_limit:        100
Age_limit:             300
blocks used:             0
not flushed:             0
w_requests:              0
writes:                  0
r_requests:              0
reads:                   0


handler status:
read_key:            0
read_next:           0
read_rnd             0
read_first:          3
write:            1038
delete               0
update:              0

Table status:
Opened tables:         33
Open tables:           26
Open files:            18
Open streams:           0

Alarm status:
Active alarms:   0
Max used alarms: 0
Next alarm time: 0

Memory status:
Non-mmapped space allocated from system: 11984896
Number of free chunks:			 42
Number of fastbin blocks:		 0
Number of mmapped regions:		 18
Space in mmapped regions:		 66457600
Maximum total allocated space:		 0
Space available in freed fastbin blocks: 0
Total allocated space:			 8537712
Total free space:			 3447184
Top-most, releasable space:		 1787600
Estimated memory (with thread stack):    78442496



Events status:
LLA = Last Locked At  LUA = Last Unlocked At
WOC = Waiting On Condition  DL = Data Locked

Event scheduler status:
State      : INITIALIZED
Thread id  : 0
LLA        : n/a:0
LUA        : n/a:0
WOC        : NO
Workers    : 0
Executed   : 0
Data locked: NO

Event queue status:
Element count   : 0
Data locked     : NO
Attempting lock : NO
LLA             : init_queue:139
LUA             : init_queue:149
WOC             : NO
Next activation : never
190328 12:32:49 [Warning] Using unique option prefix myisam-recover instead of myisam-recover-options is deprecated and will be removed in a future release. Please use the full name instead.
190328 12:32:49 [Note] Plugin 'FEDERATED' is disabled.
190328 12:32:49 InnoDB: The InnoDB memory heap is disabled
190328 12:32:49 InnoDB: Mutexes and rw_locks use GCC atomic builtins
190328 12:32:49 InnoDB: Compressed tables use zlib 1.2.8
190328 12:32:49 InnoDB: Initializing buffer pool, size = 128.0M
190328 12:32:49 InnoDB: Completed initialization of buffer pool
190328 12:32:49 InnoDB: highest supported file format is Barracuda.
190328 12:32:49  InnoDB: Waiting for the background threads to start
190328 12:32:50 InnoDB: 5.5.57 started; log sequence number 1638147
190328 12:32:50 [Note] /usr/sbin/mysqld: ready for connections.
Version: '5.5.57-0ubuntu0.14.04.1'  socket: '/var/run/mysqld/mysqld.sock'  port: 0  (Ubuntu)
190328 12:32:52 [Note] /usr/sbin/mysqld: Normal shutdown

190328 12:32:52  InnoDB: Starting shutdown...
190328 12:32:53  InnoDB: Shutdown completed; log sequence number 1638147
190328 12:32:53 [Note] /usr/sbin/mysqld: Shutdown complete

190328 12:32:54 [Warning] Using unique option prefix myisam-recover instead of myisam-recover-options is deprecated and will be removed in a future release. Please use the full name instead.
190328 12:32:54 [Note] Plugin 'FEDERATED' is disabled.
190328 12:32:54 InnoDB: The InnoDB memory heap is disabled
190328 12:32:54 InnoDB: Mutexes and rw_locks use GCC atomic builtins
190328 12:32:54 InnoDB: Compressed tables use zlib 1.2.8
190328 12:32:54 InnoDB: Initializing buffer pool, size = 128.0M
190328 12:32:54 InnoDB: Completed initialization of buffer pool
190328 12:32:54 InnoDB: highest supported file format is Barracuda.
190328 12:32:54  InnoDB: Waiting for the background threads to start
190328 12:32:55 InnoDB: 5.5.57 started; log sequence number 1638147
190328 12:32:55 [Note] Server hostname (bind-address): '127.0.0.1'; port: 3306
190328 12:32:55 [Note]   - '127.0.0.1' resolves to '127.0.0.1';
190328 12:32:55 [Note] Server socket created on IP: '127.0.0.1'.
190328 12:32:55 [Note] Event Scheduler: Loaded 0 events
190328 12:32:55 [Note] /usr/sbin/mysqld: ready for connections.
Version: '5.5.57-0ubuntu0.14.04.1'  socket: '/var/run/mysqld/mysqld.sock'  port: 3306  (Ubuntu)

Status information:

Current dir: /var/lib/mysql/
Running threads: 1  Stack size: 196608
Current locks:
lock: 0x7fbbb803c880:

lock: 0x7fbbb803a320:

lock: 0x7fbbb8037b30:

lock: 0x7fbbb80356c0:

lock: 0x7fbbb8033690:

lock: 0x7fbbb8032500:

lock: 0x7fbbb8022d30:

lock: 0x7fbbb8020780:

lock: 0x7fbbb801d980:

lock: 0x7fbbb801b120:

lock: 0x7fbbb8183cc0:

lock: 0x7fbbb8181340:

lock: 0x7fbbb817fde0:

lock: 0x7fbbb8145270:

lock: 0x7fbbb800a210:

lock: 0x7fbbb8011870:

lock: 0x557f387aded0:

lock: 0x557f387767b0:

lock: 0x557f3876bba0:

lock: 0x557f38751310:

lock: 0x557f3875e3b0:

lock: 0x557f38748180:

lock: 0x557f38742d80:

lock: 0x557f3873c850:

lock: 0x557f387343c0:

lock: 0x557f37be2fc0:

lock: 0x557f37be3500:

lock: 0x557f37be35c0:

lock: 0x557f37be3680:

lock: 0x557f37be3080:

lock: 0x557f37be3140:

lock: 0x557f37be2f00:

lock: 0x557f37be2d80:

lock: 0x557f37be2e40:

lock: 0x557f37be3740:

lock: 0x557f37be3200:

lock: 0x557f37be3440:

lock: 0x557f37be3380:

lock: 0x557f37be32c0:

lock: 0x557f37be2b40:

lock: 0x557f37be2c00:

lock: 0x557f37be2cc0:


Key caches:
default
Buffer_size:      16777216
Block_size:           1024
Division_limit:        100
Age_limit:             300
blocks used:             0
not flushed:             0
w_requests:              0
writes:                  0
r_requests:              0
reads:                   0


handler status:
read_key:            0
read_next:           0
read_rnd             0
read_first:          4
write:            1102
delete               0
update:              0

Table status:
Opened tables:         48
Open tables:           41
Open files:            50
Open streams:           0

Alarm status:
Active alarms:   0
Max used alarms: 0
Next alarm time: 0

Memory status:
Non-mmapped space allocated from system: 11984896
Number of free chunks:			 29
Number of fastbin blocks:		 1
Number of mmapped regions:		 18
Space in mmapped regions:		 66457600
Maximum total allocated space:		 0
Space available in freed fastbin blocks: 80
Total allocated space:			 9080176
Total free space:			 2904720
Top-most, releasable space:		 1771584
Estimated memory (with thread stack):    78639104



Events status:
LLA = Last Locked At  LUA = Last Unlocked At
WOC = Waiting On Condition  DL = Data Locked

Event scheduler status:
State      : INITIALIZED
Thread id  : 0
LLA        : n/a:0
LUA        : n/a:0
WOC        : NO
Workers    : 0
Executed   : 0
Data locked: NO

Event queue status:
Element count   : 0
Data locked     : NO
Attempting lock : NO
LLA             : init_queue:139
LUA             : init_queue:149
WOC             : NO
Next activation : never
190411 12:36:14 [Warning] Using unique option prefix myisam-recover instead of myisam-recover-options is deprecated and will be removed in a future release. Please use the full name instead.
190411 12:36:14 [Note] Plugin 'FEDERATED' is disabled.
190411 12:36:14 InnoDB: The InnoDB memory heap is disabled
190411 12:36:14 InnoDB: Mutexes and rw_locks use GCC atomic builtins
190411 12:36:14 InnoDB: Compressed tables use zlib 1.2.8
190411 12:36:14 InnoDB: Initializing buffer pool, size = 128.0M
190411 12:36:14 InnoDB: Completed initialization of buffer pool
190411 12:36:14 InnoDB: highest supported file format is Barracuda.
190411 12:36:14  InnoDB: Waiting for the background threads to start
190411 12:36:15 InnoDB: 5.5.57 started; log sequence number 1638147
190411 12:36:15 [Note] /usr/sbin/mysqld: ready for connections.
Version: '5.5.57-0ubuntu0.14.04.1'  socket: '/var/run/mysqld/mysqld.sock'  port: 0  (Ubuntu)
190411 12:36:17 [Note] /usr/sbin/mysqld: Normal shutdown

190411 12:36:17  InnoDB: Starting shutdown...
190411 12:36:18  InnoDB: Shutdown completed; log sequence number 1638147
190411 12:36:18 [Note] /usr/sbin/mysqld: Shutdown complete

190411 12:36:19 [Warning] Using unique option prefix myisam-recover instead of myisam-recover-options is deprecated and will be removed in a future release. Please use the full name instead.
190411 12:36:19 [Note] Plugin 'FEDERATED' is disabled.
190411 12:36:19 InnoDB: The InnoDB memory heap is disabled
190411 12:36:19 InnoDB: Mutexes and rw_locks use GCC atomic builtins
190411 12:36:19 InnoDB: Compressed tables use zlib 1.2.8
190411 12:36:19 InnoDB: Initializing buffer pool, size = 128.0M
190411 12:36:19 InnoDB: Completed initialization of buffer pool
190411 12:36:19 InnoDB: highest supported file format is Barracuda.
190411 12:36:19  InnoDB: Waiting for the background threads to start
190411 12:36:20 InnoDB: 5.5.57 started; log sequence number 1638147
190411 12:36:20 [Note] Server hostname (bind-address): '127.0.0.1'; port: 3306
190411 12:36:20 [Note]   - '127.0.0.1' resolves to '127.0.0.1';
190411 12:36:20 [Note] Server socket created on IP: '127.0.0.1'.
190411 12:36:20 [Note] Event Scheduler: Loaded 0 events
190411 12:36:20 [Note] /usr/sbin/mysqld: ready for connections.
Version: '5.5.57-0ubuntu0.14.04.1'  socket: '/var/run/mysqld/mysqld.sock'  port: 3306  (Ubuntu)

Status information:

Current dir: /var/lib/mysql/
Running threads: 1  Stack size: 196608
Current locks:
lock: 0x7f7cb0015740:

lock: 0x7f7cb000e610:

lock: 0x555e0d8aeed0:

lock: 0x555e0d8777b0:

lock: 0x555e0d86cba0:

lock: 0x555e0d852310:

lock: 0x555e0d85f3b0:

lock: 0x555e0d849180:

lock: 0x555e0d843d80:

lock: 0x555e0d83d850:

lock: 0x555e0d8353c0:

lock: 0x555e0c5bcfc0:

lock: 0x555e0c5bd500:

lock: 0x555e0c5bd5c0:

lock: 0x555e0c5bd680:

lock: 0x555e0c5bd080:

lock: 0x555e0c5bd140:

lock: 0x555e0c5bcf00:

lock: 0x555e0c5bcd80:

lock: 0x555e0c5bce40:

lock: 0x555e0c5bd740:

lock: 0x555e0c5bd200:

lock: 0x555e0c5bd440:

lock: 0x555e0c5bd380:

lock: 0x555e0c5bd2c0:

lock: 0x555e0c5bcb40:

lock: 0x555e0c5bcc00:

lock: 0x555e0c5bccc0:


Key caches:
default
Buffer_size:      16777216
Block_size:           1024
Division_limit:        100
Age_limit:             300
blocks used:             0
not flushed:             0
w_requests:              0
writes:                  0
r_requests:              0
reads:                   0


handler status:
read_key:            0
read_next:           0
read_rnd             0
read_first:          3
write:             429
delete               0
update:              0

Table status:
Opened tables:         33
Open tables:           26
Open files:            21
Open streams:           0

Alarm status:
Active alarms:   0
Max used alarms: 0
Next alarm time: 0

Memory status:
Non-mmapped space allocated from system: 11984896
Number of free chunks:			 38
Number of fastbin blocks:		 2
Number of mmapped regions:		 18
Space in mmapped regions:		 66457600
Maximum total allocated space:		 0
Space available in freed fastbin blocks: 64
Total allocated space:			 8907600
Total free space:			 3077296
Top-most, releasable space:		 1771584
Estimated memory (with thread stack):    78639104



Events status:
LLA = Last Locked At  LUA = Last Unlocked At
WOC = Waiting On Condition  DL = Data Locked

Event scheduler status:
State      : INITIALIZED
Thread id  : 0
LLA        : n/a:0
LUA        : n/a:0
WOC        : NO
Workers    : 0
Executed   : 0
Data locked: NO

Event queue status:
Element count   : 0
Data locked     : NO
Attempting lock : NO
LLA             : init_queue:139
LUA             : init_queue:149
WOC             : NO
Next activation : never
190418 13:57:00 [Warning] Using unique option prefix myisam-recover instead of myisam-recover-options is deprecated and will be removed in a future release. Please use the full name instead.
190418 13:57:00 [Note] Plugin 'FEDERATED' is disabled.
190418 13:57:00 InnoDB: The InnoDB memory heap is disabled
190418 13:57:00 InnoDB: Mutexes and rw_locks use GCC atomic builtins
190418 13:57:00 InnoDB: Compressed tables use zlib 1.2.8
190418 13:57:00 InnoDB: Initializing buffer pool, size = 128.0M
190418 13:57:00 InnoDB: Completed initialization of buffer pool
190418 13:57:00 InnoDB: highest supported file format is Barracuda.
190418 13:57:00  InnoDB: Waiting for the background threads to start
190418 13:57:01 InnoDB: 5.5.57 started; log sequence number 1638147
190418 13:57:01 [Note] /usr/sbin/mysqld: ready for connections.
Version: '5.5.57-0ubuntu0.14.04.1'  socket: '/var/run/mysqld/mysqld.sock'  port: 0  (Ubuntu)
190418 13:57:03 [Note] /usr/sbin/mysqld: Normal shutdown

190418 13:57:03  InnoDB: Starting shutdown...
190418 13:57:04  InnoDB: Shutdown completed; log sequence number 1638147
190418 13:57:04 [Note] /usr/sbin/mysqld: Shutdown complete

190418 13:57:05 [Warning] Using unique option prefix myisam-recover instead of myisam-recover-options is deprecated and will be removed in a future release. Please use the full name instead.
190418 13:57:05 [Note] Plugin 'FEDERATED' is disabled.
190418 13:57:05 InnoDB: The InnoDB memory heap is disabled
190418 13:57:05 InnoDB: Mutexes and rw_locks use GCC atomic builtins
190418 13:57:05 InnoDB: Compressed tables use zlib 1.2.8
190418 13:57:05 InnoDB: Initializing buffer pool, size = 128.0M
190418 13:57:05 InnoDB: Completed initialization of buffer pool
190418 13:57:05 InnoDB: highest supported file format is Barracuda.
190418 13:57:05  InnoDB: Waiting for the background threads to start
190418 13:57:06 InnoDB: 5.5.57 started; log sequence number 1638147
190418 13:57:06 [Note] Server hostname (bind-address): '127.0.0.1'; port: 3306
190418 13:57:06 [Note]   - '127.0.0.1' resolves to '127.0.0.1';
190418 13:57:06 [Note] Server socket created on IP: '127.0.0.1'.
190418 13:57:06 [Note] Event Scheduler: Loaded 0 events
190418 13:57:06 [Note] /usr/sbin/mysqld: ready for connections.
Version: '5.5.57-0ubuntu0.14.04.1'  socket: '/var/run/mysqld/mysqld.sock'  port: 3306  (Ubuntu)

Status information:

Current dir: /var/lib/mysql/
Running threads: 1  Stack size: 196608
Current locks:
lock: 0x7f2c0803c880:

lock: 0x7f2c0803a320:

lock: 0x7f2c08037b30:

lock: 0x7f2c080356c0:

lock: 0x7f2c08033690:

lock: 0x7f2c08032500:

lock: 0x7f2c08022d30:

lock: 0x7f2c08020780:

lock: 0x7f2c0801d980:

lock: 0x7f2c0801b120:

lock: 0x7f2c08183cc0:

lock: 0x7f2c08181340:

lock: 0x7f2c0817fde0:

lock: 0x7f2c08145270:

lock: 0x7f2c0800a210:

lock: 0x7f2c08011870:

lock: 0x558b8f5e7ed0:

lock: 0x558b8f5b07b0:

lock: 0x558b8f5a5ba0:

lock: 0x558b8f58b310:

lock: 0x558b8f5983b0:

lock: 0x558b8f582180:

lock: 0x558b8f57cd80:

lock: 0x558b8f576850:

lock: 0x558b8f56e3c0:

lock: 0x558b8d6c0fc0:

lock: 0x558b8d6c1500:

lock: 0x558b8d6c15c0:

lock: 0x558b8d6c1680:

lock: 0x558b8d6c1080:

lock: 0x558b8d6c1140:

lock: 0x558b8d6c0f00:

lock: 0x558b8d6c0d80:

lock: 0x558b8d6c0e40:

lock: 0x558b8d6c1740:

lock: 0x558b8d6c1200:

lock: 0x558b8d6c1440:

lock: 0x558b8d6c1380:

lock: 0x558b8d6c12c0:

lock: 0x558b8d6c0b40:

lock: 0x558b8d6c0c00:

lock: 0x558b8d6c0cc0:


Key caches:
default
Buffer_size:      16777216
Block_size:           1024
Division_limit:        100
Age_limit:             300
blocks used:             0
not flushed:             0
w_requests:              0
writes:                  0
r_requests:              0
reads:                   0


handler status:
read_key:            0
read_next:           0
read_rnd             0
read_first:          4
write:            1102
delete               0
update:              0

Table status:
Opened tables:         48
Open tables:           41
Open files:            50
Open streams:           0

Alarm status:
Active alarms:   0
Max used alarms: 0
Next alarm time: 0

Memory status:
Non-mmapped space allocated from system: 11984896
Number of free chunks:			 29
Number of fastbin blocks:		 1
Number of mmapped regions:		 18
Space in mmapped regions:		 66457600
Maximum total allocated space:		 0
Space available in freed fastbin blocks: 80
Total allocated space:			 9080176
Total free space:			 2904720
Top-most, releasable space:		 1771584
Estimated memory (with thread stack):    78639104



Events status:
LLA = Last Locked At  LUA = Last Unlocked At
WOC = Waiting On Condition  DL = Data Locked

Event scheduler status:
State      : INITIALIZED
Thread id  : 0
LLA        : n/a:0
LUA        : n/a:0
WOC        : NO
Workers    : 0
Executed   : 0
Data locked: NO

Event queue status:
Element count   : 0
Data locked     : NO
Attempting lock : NO
LLA             : init_queue:139
LUA             : init_queue:149
WOC             : NO
Next activation : never
190502 12:15:13 [Warning] Using unique option prefix myisam-recover instead of myisam-recover-options is deprecated and will be removed in a future release. Please use the full name instead.
190502 12:15:13 [Note] Plugin 'FEDERATED' is disabled.
190502 12:15:13 InnoDB: The InnoDB memory heap is disabled
190502 12:15:13 InnoDB: Mutexes and rw_locks use GCC atomic builtins
190502 12:15:13 InnoDB: Compressed tables use zlib 1.2.8
190502 12:15:13 InnoDB: Initializing buffer pool, size = 128.0M
190502 12:15:13 InnoDB: Completed initialization of buffer pool
190502 12:15:13 InnoDB: highest supported file format is Barracuda.
190502 12:15:13  InnoDB: Waiting for the background threads to start
190502 12:15:14 InnoDB: 5.5.57 started; log sequence number 1638147
190502 12:15:14 [Note] /usr/sbin/mysqld: ready for connections.
Version: '5.5.57-0ubuntu0.14.04.1'  socket: '/var/run/mysqld/mysqld.sock'  port: 0  (Ubuntu)
190502 12:15:16 [Note] /usr/sbin/mysqld: Normal shutdown

190502 12:15:16  InnoDB: Starting shutdown...
190502 12:15:17  InnoDB: Shutdown completed; log sequence number 1638147
190502 12:15:17 [Note] /usr/sbin/mysqld: Shutdown complete

190502 12:15:18 [Warning] Using unique option prefix myisam-recover instead of myisam-recover-options is deprecated and will be removed in a future release. Please use the full name instead.
190502 12:15:18 [Note] Plugin 'FEDERATED' is disabled.
190502 12:15:18 InnoDB: The InnoDB memory heap is disabled
190502 12:15:18 InnoDB: Mutexes and rw_locks use GCC atomic builtins
190502 12:15:18 InnoDB: Compressed tables use zlib 1.2.8
190502 12:15:18 InnoDB: Initializing buffer pool, size = 128.0M
190502 12:15:18 InnoDB: Completed initialization of buffer pool
190502 12:15:18 InnoDB: highest supported file format is Barracuda.
190502 12:15:18  InnoDB: Waiting for the background threads to start
190502 12:15:19 InnoDB: 5.5.57 started; log sequence number 1638147
190502 12:15:19 [Note] Server hostname (bind-address): '127.0.0.1'; port: 3306
190502 12:15:19 [Note]   - '127.0.0.1' resolves to '127.0.0.1';
190502 12:15:19 [Note] Server socket created on IP: '127.0.0.1'.
190502 12:15:19 [Note] Event Scheduler: Loaded 0 events
190502 12:15:19 [Note] /usr/sbin/mysqld: ready for connections.
Version: '5.5.57-0ubuntu0.14.04.1'  socket: '/var/run/mysqld/mysqld.sock'  port: 3306  (Ubuntu)

Status information:

Current dir: /var/lib/mysql/
Running threads: 1  Stack size: 196608
Current locks:
lock: 0x7f0cd4011860:

lock: 0x560926433ed0:

lock: 0x5609263fc7b0:

lock: 0x5609263f1ba0:

lock: 0x5609263d7310:

lock: 0x5609263e43b0:

lock: 0x5609263ce180:

lock: 0x5609263c8d80:

lock: 0x5609263c2850:

lock: 0x5609263ba3c0:

lock: 0x56092408ffc0:

lock: 0x560924090500:

lock: 0x5609240905c0:

lock: 0x560924090680:

lock: 0x560924090080:

lock: 0x560924090140:

lock: 0x56092408ff00:

lock: 0x56092408fd80:

lock: 0x56092408fe40:

lock: 0x560924090740:

lock: 0x560924090200:

lock: 0x560924090440:

lock: 0x560924090380:

lock: 0x5609240902c0:

lock: 0x56092408fb40:

lock: 0x56092408fc00:

lock: 0x56092408fcc0:


Key caches:
default
Buffer_size:      16777216
Block_size:           1024
Division_limit:        100
Age_limit:             300
blocks used:             0
not flushed:             0
w_requests:              0
writes:                  0
r_requests:              0
reads:                   0


handler status:
read_key:            0
read_next:           0
read_rnd             0
read_first:          4
write:            1038
delete               0
update:              0

Table status:
Opened tables:         34
Open tables:           27
Open files:            20
Open streams:           0

Alarm status:
Active alarms:   0
Max used alarms: 0
Next alarm time: 0

Memory status:
Non-mmapped space allocated from system: 11984896
Number of free chunks:			 37
Number of fastbin blocks:		 0
Number of mmapped regions:		 18
Space in mmapped regions:		 66457600
Maximum total allocated space:		 0
Space available in freed fastbin blocks: 0
Total allocated space:			 8605584
Total free space:			 3379312
Top-most, releasable space:		 1771584
Estimated memory (with thread stack):    78639104



Events status:
LLA = Last Locked At  LUA = Last Unlocked At
WOC = Waiting On Condition  DL = Data Locked

Event scheduler status:
State      : INITIALIZED
Thread id  : 0
LLA        : n/a:0
LUA        : n/a:0
WOC        : NO
Workers    : 0
Executed   : 0
Data locked: NO

Event queue status:
Element count   : 0
Data locked     : NO
Attempting lock : NO
LLA             : init_queue:139
LUA             : init_queue:149
WOC             : NO
Next activation : never
190618 11:16:28 [Warning] Using unique option prefix myisam-recover instead of myisam-recover-options is deprecated and will be removed in a future release. Please use the full name instead.
190618 11:16:28 [Note] Plugin 'FEDERATED' is disabled.
190618 11:16:28 InnoDB: The InnoDB memory heap is disabled
190618 11:16:28 InnoDB: Mutexes and rw_locks use GCC atomic builtins
190618 11:16:28 InnoDB: Compressed tables use zlib 1.2.8
190618 11:16:28 InnoDB: Initializing buffer pool, size = 128.0M
190618 11:16:28 InnoDB: Completed initialization of buffer pool
190618 11:16:28 InnoDB: highest supported file format is Barracuda.
190618 11:16:28  InnoDB: Waiting for the background threads to start
190618 11:16:29 InnoDB: 5.5.57 started; log sequence number 1638147
190618 11:16:29 [Note] /usr/sbin/mysqld: ready for connections.
Version: '5.5.57-0ubuntu0.14.04.1'  socket: '/var/run/mysqld/mysqld.sock'  port: 0  (Ubuntu)
190618 11:16:31 [Note] /usr/sbin/mysqld: Normal shutdown

190618 11:16:31  InnoDB: Starting shutdown...
190618 11:16:32  InnoDB: Shutdown completed; log sequence number 1638147
190618 11:16:32 [Note] /usr/sbin/mysqld: Shutdown complete

190618 11:16:33 [Warning] Using unique option prefix myisam-recover instead of myisam-recover-options is deprecated and will be removed in a future release. Please use the full name instead.
190618 11:16:33 [Note] Plugin 'FEDERATED' is disabled.
190618 11:16:33 InnoDB: The InnoDB memory heap is disabled
190618 11:16:33 InnoDB: Mutexes and rw_locks use GCC atomic builtins
190618 11:16:33 InnoDB: Compressed tables use zlib 1.2.8
190618 11:16:33 InnoDB: Initializing buffer pool, size = 128.0M
190618 11:16:33 InnoDB: Completed initialization of buffer pool
190618 11:16:33 InnoDB: highest supported file format is Barracuda.
190618 11:16:33  InnoDB: Waiting for the background threads to start
190618 11:16:34 InnoDB: 5.5.57 started; log sequence number 1638147
190618 11:16:34 [Note] Server hostname (bind-address): '127.0.0.1'; port: 3306
190618 11:16:34 [Note]   - '127.0.0.1' resolves to '127.0.0.1';
190618 11:16:34 [Note] Server socket created on IP: '127.0.0.1'.
190618 11:16:34 [Note] Event Scheduler: Loaded 0 events
190618 11:16:34 [Note] /usr/sbin/mysqld: ready for connections.
Version: '5.5.57-0ubuntu0.14.04.1'  socket: '/var/run/mysqld/mysqld.sock'  port: 3306  (Ubuntu)

Status information:

Current dir: /var/lib/mysql/
Running threads: 1  Stack size: 196608
Current locks:
lock: 0x7f24e0017370:

lock: 0x7f24e000e610:

lock: 0x56462257bed0:

lock: 0x5646225447b0:

lock: 0x564622539ba0:

lock: 0x56462251f310:

lock: 0x56462252c3b0:

lock: 0x564622516180:

lock: 0x564622510d80:

lock: 0x56462250a850:

lock: 0x5646225023c0:

lock: 0x564621a82fc0:

lock: 0x564621a83500:

lock: 0x564621a835c0:

lock: 0x564621a83680:

lock: 0x564621a83080:

lock: 0x564621a83140:

lock: 0x564621a82f00:

lock: 0x564621a82d80:

lock: 0x564621a82e40:

lock: 0x564621a83740:

lock: 0x564621a83200:

lock: 0x564621a83440:

lock: 0x564621a83380:

lock: 0x564621a832c0:

lock: 0x564621a82b40:

lock: 0x564621a82c00:

lock: 0x564621a82cc0:


Key caches:
default
Buffer_size:      16777216
Block_size:           1024
Division_limit:        100
Age_limit:             300
blocks used:             0
not flushed:             0
w_requests:              0
writes:                  0
r_requests:              0
reads:                   0


handler status:
read_key:            0
read_next:           0
read_rnd             0
read_first:          3
write:             317
delete               0
update:              0

Table status:
Opened tables:         33
Open tables:           26
Open files:            22
Open streams:           0

Alarm status:
Active alarms:   0
Max used alarms: 0
Next alarm time: 0

Memory status:
Non-mmapped space allocated from system: 11984896
Number of free chunks:			 37
Number of fastbin blocks:		 0
Number of mmapped regions:		 18
Space in mmapped regions:		 66457600
Maximum total allocated space:		 0
Space available in freed fastbin blocks: 0
Total allocated space:			 8896528
Total free space:			 3088368
Top-most, releasable space:		 1771584
Estimated memory (with thread stack):    78639104



Events status:
LLA = Last Locked At  LUA = Last Unlocked At
WOC = Waiting On Condition  DL = Data Locked

Event scheduler status:
State      : INITIALIZED
Thread id  : 0
LLA        : n/a:0
LUA        : n/a:0
WOC        : NO
Workers    : 0
Executed   : 0
Data locked: NO

Event queue status:
Element count   : 0
Data locked     : NO
Attempting lock : NO
LLA             : init_queue:139
LUA             : init_queue:149
WOC             : NO
Next activation : never
